<?xml version="1.0" encoding="UTF-8"?>
<!-- Generated by org.testng.reporters.JUnitXMLReporter -->
<testsuite hostname="LIN57000094" ignored="0" name="Default test" tests="12" failures="4" timestamp="2020-09-01T02:15:24 IST" time="217.656" errors="0">
  <testcase name="verifyHomePageTitleTest" time="0.158" classname="com.crm.qa.testcases.HomePageTest"/>
  <testcase name="verifyUserNameTest" time="0.945" classname="com.crm.qa.testcases.HomePageTest"/>
  <testcase name="verifyContactsLinkTest" time="2.431" classname="com.crm.qa.testcases.HomePageTest"/>
  <testcase name="verifyContactsPageLabel" time="0.715" classname="com.crm.qa.testcases.ContactsPageTest"/>
  <testcase name="selectSingleContactsTest" time="5.454" classname="com.crm.qa.testcases.ContactsPageTest"/>
  <testcase name="selectMultipleContactsTest" time="5.042" classname="com.crm.qa.testcases.ContactsPageTest"/>
  <testcase name="validateCreateNewContact" time="11.09" classname="com.crm.qa.testcases.ContactsPageTest"/>
  <testcase name="validateCreateNewContact" time="25.544" classname="com.crm.qa.testcases.ContactsPageTest">
    <failure type="org.openqa.selenium.NoSuchElementException" message="Unable to locate element: //div[text()=&amp;apos;Create New Contact&amp;apos;]
For documentation on this error, please visit: https://www.seleniumhq.org/exceptions/no_such_element.html
Build info: version: &amp;apos;3.141.59&amp;apos;, revision: &amp;apos;e82be7d358&amp;apos;, time: &amp;apos;2018-11-14T08:17:03&amp;apos;
System info: host: &amp;apos;LIN57000094&amp;apos;, ip: &amp;apos;192.168.137.1&amp;apos;, os.name: &amp;apos;Windows 10&amp;apos;, os.arch: &amp;apos;amd64&amp;apos;, os.version: &amp;apos;10.0&amp;apos;, java.version: &amp;apos;1.8.0_181&amp;apos;
Driver info: org.openqa.selenium.firefox.FirefoxDriver
Capabilities {acceptInsecureCerts: true, browserName: firefox, browserVersion: 80.0, javascriptEnabled: true, moz:accessibilityChecks: false, moz:buildID: 20200818235255, moz:geckodriverVersion: 0.27.0, moz:headless: false, moz:processID: 24604, moz:profile: C:\Users\jaikuria\AppData\L..., moz:shutdownTimeout: 60000, moz:useNonSpecCompliantPointerOrigin: false, moz:webdriverClick: true, pageLoadStrategy: normal, platform: WINDOWS, platformName: WINDOWS, platformVersion: 10.0, rotatable: false, setWindowRect: true, strictFileInteractability: false, timeouts: {implicit: 0, pageLoad: 300000, script: 30000}, unhandledPromptBehavior: dismiss and notify}
Session ID: 040448a1-09a3-4f95-b563-c8783228bde7
*** Element info: {Using=xpath, value=//div[text()=&amp;apos;Create New Contact&amp;apos;]}">
      <![CDATA[org.openqa.selenium.NoSuchElementException: Unable to locate element: //div[text()='Create New Contact']
For documentation on this error, please visit: https://www.seleniumhq.org/exceptions/no_such_element.html
Build info: version: '3.141.59', revision: 'e82be7d358', time: '2018-11-14T08:17:03'
System info: host: 'LIN57000094', ip: '192.168.137.1', os.name: 'Windows 10', os.arch: 'amd64', os.version: '10.0', java.version: '1.8.0_181'
Driver info: org.openqa.selenium.firefox.FirefoxDriver
Capabilities {acceptInsecureCerts: true, browserName: firefox, browserVersion: 80.0, javascriptEnabled: true, moz:accessibilityChecks: false, moz:buildID: 20200818235255, moz:geckodriverVersion: 0.27.0, moz:headless: false, moz:processID: 24604, moz:profile: C:\Users\jaikuria\AppData\L..., moz:shutdownTimeout: 60000, moz:useNonSpecCompliantPointerOrigin: false, moz:webdriverClick: true, pageLoadStrategy: normal, platform: WINDOWS, platformName: WINDOWS, platformVersion: 10.0, rotatable: false, setWindowRect: true, strictFileInteractability: false, timeouts: {implicit: 0, pageLoad: 300000, script: 30000}, unhandledPromptBehavior: dismiss and notify}
Session ID: 040448a1-09a3-4f95-b563-c8783228bde7
*** Element info: {Using=xpath, value=//div[text()='Create New Contact']}
at sun.reflect.NativeConstructorAccessorImpl.newInstance0(Native Method)
at sun.reflect.NativeConstructorAccessorImpl.newInstance(Unknown Source)
at sun.reflect.DelegatingConstructorAccessorImpl.newInstance(Unknown Source)
at java.lang.reflect.Constructor.newInstance(Unknown Source)
at org.openqa.selenium.remote.http.W3CHttpResponseCodec.createException(W3CHttpResponseCodec.java:187)
at org.openqa.selenium.remote.http.W3CHttpResponseCodec.decode(W3CHttpResponseCodec.java:122)
at org.openqa.selenium.remote.http.W3CHttpResponseCodec.decode(W3CHttpResponseCodec.java:49)
at org.openqa.selenium.remote.HttpCommandExecutor.execute(HttpCommandExecutor.java:158)
at org.openqa.selenium.remote.service.DriverCommandExecutor.execute(DriverCommandExecutor.java:83)
at org.openqa.selenium.remote.RemoteWebDriver.execute(RemoteWebDriver.java:552)
at org.openqa.selenium.remote.RemoteWebDriver.findElement(RemoteWebDriver.java:323)
at org.openqa.selenium.remote.RemoteWebDriver.findElementByXPath(RemoteWebDriver.java:428)
at org.openqa.selenium.By$ByXPath.findElement(By.java:353)
at org.openqa.selenium.remote.RemoteWebDriver.findElement(RemoteWebDriver.java:315)
at sun.reflect.GeneratedMethodAccessor11.invoke(Unknown Source)
at sun.reflect.DelegatingMethodAccessorImpl.invoke(Unknown Source)
at java.lang.reflect.Method.invoke(Unknown Source)
at org.openqa.selenium.support.events.EventFiringWebDriver.lambda$new$1(EventFiringWebDriver.java:105)
at com.sun.proxy.$Proxy19.findElement(Unknown Source)
at org.openqa.selenium.support.events.EventFiringWebDriver.findElement(EventFiringWebDriver.java:194)
at org.openqa.selenium.support.pagefactory.DefaultElementLocator.findElement(DefaultElementLocator.java:69)
at org.openqa.selenium.support.pagefactory.internal.LocatingElementHandler.invoke(LocatingElementHandler.java:38)
at com.sun.proxy.$Proxy24.getText(Unknown Source)
at com.crm.qa.pages.ContactsPage.verifyCreateNewContactLabel(ContactsPage.java:67)
at com.crm.qa.testcases.ContactsPageTest.validateCreateNewContact(ContactsPageTest.java:119)
at sun.reflect.NativeMethodAccessorImpl.invoke0(Native Method)
at sun.reflect.NativeMethodAccessorImpl.invoke(Unknown Source)
at sun.reflect.DelegatingMethodAccessorImpl.invoke(Unknown Source)
at java.lang.reflect.Method.invoke(Unknown Source)
at org.testng.internal.MethodInvocationHelper.invokeMethod(MethodInvocationHelper.java:132)
at org.testng.internal.TestInvoker.invokeMethod(TestInvoker.java:599)
at org.testng.internal.TestInvoker.invokeTestMethod(TestInvoker.java:174)
at org.testng.internal.MethodRunner.runInSequence(MethodRunner.java:46)
at org.testng.internal.TestInvoker$MethodInvocationAgent.invoke(TestInvoker.java:822)
at org.testng.internal.TestInvoker.invokeTestMethods(TestInvoker.java:147)
at org.testng.internal.TestMethodWorker.invokeTestMethods(TestMethodWorker.java:146)
at org.testng.internal.TestMethodWorker.run(TestMethodWorker.java:128)
at java.util.ArrayList.forEach(Unknown Source)
at org.testng.TestRunner.privateRun(TestRunner.java:764)
at org.testng.TestRunner.run(TestRunner.java:585)
at org.testng.SuiteRunner.runTest(SuiteRunner.java:384)
at org.testng.SuiteRunner.runSequentially(SuiteRunner.java:378)
at org.testng.SuiteRunner.privateRun(SuiteRunner.java:337)
at org.testng.SuiteRunner.run(SuiteRunner.java:286)
at org.testng.SuiteRunnerWorker.runSuite(SuiteRunnerWorker.java:53)
at org.testng.SuiteRunnerWorker.run(SuiteRunnerWorker.java:96)
at org.testng.TestNG.runSuitesSequentially(TestNG.java:1218)
at org.testng.TestNG.runSuitesLocally(TestNG.java:1140)
at org.testng.TestNG.runSuites(TestNG.java:1069)
at org.testng.TestNG.run(TestNG.java:1037)
at org.testng.remote.AbstractRemoteTestNG.run(AbstractRemoteTestNG.java:115)
at org.testng.remote.RemoteTestNG.initAndRun(RemoteTestNG.java:251)
at org.testng.remote.RemoteTestNG.main(RemoteTestNG.java:77)
]]>
    </failure>
  </testcase> <!-- validateCreateNewContact -->
  <testcase name="validateCreateNewContact" time="13.067" classname="com.crm.qa.testcases.ContactsPageTest"/>
  <testcase name="loginPageTileTest" time="1.973" classname="com.crm.qa.testcases.LoginPageTest">
    <failure type="java.lang.StackOverflowError">
      <![CDATA[java.lang.StackOverflowError
at java.util.regex.Pattern$GroupHead.match(Unknown Source)
at java.util.regex.Pattern$Branch.match(Unknown Source)
at java.util.regex.Pattern$Branch.match(Unknown Source)
at java.util.regex.Pattern$Branch.match(Unknown Source)
at java.util.regex.Pattern$BranchConn.match(Unknown Source)
at java.util.regex.Pattern$GroupTail.match(Unknown Source)
at java.util.regex.Pattern$Curly.match0(Unknown Source)
at java.util.regex.Pattern$Curly.match(Unknown Source)
at java.util.regex.Pattern$GroupHead.match(Unknown Source)
at java.util.regex.Pattern$Branch.match(Unknown Source)
at java.util.regex.Pattern$Branch.match(Unknown Source)
at java.util.regex.Pattern$BmpCharProperty.match(Unknown Source)
at java.util.regex.Pattern$Start.match(Unknown Source)
at java.util.regex.Matcher.search(Unknown Source)
at java.util.regex.Matcher.find(Unknown Source)
at java.util.Formatter.parse(Unknown Source)
at java.util.Formatter.format(Unknown Source)
at java.util.Formatter.format(Unknown Source)
at java.lang.String.format(Unknown Source)
at org.openqa.selenium.BuildInfo.toString(BuildInfo.java:113)
at java.lang.String.valueOf(Unknown Source)
at java.lang.StringBuilder.append(Unknown Source)
at org.openqa.selenium.WebDriverException.createMessage(WebDriverException.java:140)
at org.openqa.selenium.WebDriverException.getMessage(WebDriverException.java:131)
at java.lang.Throwable.getLocalizedMessage(Unknown Source)
at java.lang.Throwable.toString(Unknown Source)
at java.lang.String.valueOf(Unknown Source)
at java.lang.StringBuilder.append(Unknown Source)
at com.crm.qa.util.WebEventListener.onException(WebEventListener.java:66)
at sun.reflect.GeneratedMethodAccessor44.invoke(Unknown Source)
at sun.reflect.DelegatingMethodAccessorImpl.invoke(Unknown Source)
at java.lang.reflect.Method.invoke(Unknown Source)
at org.openqa.selenium.support.events.EventFiringWebDriver.lambda$new$0(EventFiringWebDriver.java:84)
at com.sun.proxy.$Proxy18.onException(Unknown Source)
at org.openqa.selenium.support.events.EventFiringWebDriver.lambda$new$1(EventFiringWebDriver.java:107)
at com.sun.proxy.$Proxy19.getScreenshotAs(Unknown Source)
at org.openqa.selenium.support.events.EventFiringWebDriver.getScreenshotAs(EventFiringWebDriver.java:302)
at com.crm.qa.util.TestUtil.takeScreenshotAtEndOfTest(TestUtil.java:116)
at com.crm.qa.util.WebEventListener.onException(WebEventListener.java:68)
at sun.reflect.GeneratedMethodAccessor44.invoke(Unknown Source)
at sun.reflect.DelegatingMethodAccessorImpl.invoke(Unknown Source)
at java.lang.reflect.Method.invoke(Unknown Source)
at org.openqa.selenium.support.events.EventFiringWebDriver.lambda$new$0(EventFiringWebDriver.java:84)
at com.sun.proxy.$Proxy18.onException(Unknown Source)
at org.openqa.selenium.support.events.EventFiringWebDriver.lambda$new$1(EventFiringWebDriver.java:107)
at com.sun.proxy.$Proxy19.getScreenshotAs(Unknown Source)
at org.openqa.selenium.support.events.EventFiringWebDriver.getScreenshotAs(EventFiringWebDriver.java:302)
at com.crm.qa.util.TestUtil.takeScreenshotAtEndOfTest(TestUtil.java:116)
at com.crm.qa.util.WebEventListener.onException(WebEventListener.java:68)
at sun.reflect.GeneratedMethodAccessor44.invoke(Unknown Source)
at sun.reflect.DelegatingMethodAccessorImpl.invoke(Unknown Source)
at java.lang.reflect.Method.invoke(Unknown Source)
at org.openqa.selenium.support.events.EventFiringWebDriver.lambda$new$0(EventFiringWebDriver.java:84)
at com.sun.proxy.$Proxy18.onException(Unknown Source)
at org.openqa.selenium.support.events.EventFiringWebDriver.lambda$new$1(EventFiringWebDriver.java:107)
at com.sun.proxy.$Proxy19.getScreenshotAs(Unknown Source)
at org.openqa.selenium.support.events.EventFiringWebDriver.getScreenshotAs(EventFiringWebDriver.java:302)
at com.crm.qa.util.TestUtil.takeScreenshotAtEndOfTest(TestUtil.java:116)
at com.crm.qa.util.WebEventListener.onException(WebEventListener.java:68)
at sun.reflect.GeneratedMethodAccessor44.invoke(Unknown Source)
at sun.reflect.DelegatingMethodAccessorImpl.invoke(Unknown Source)
at java.lang.reflect.Method.invoke(Unknown Source)
at org.openqa.selenium.support.events.EventFiringWebDriver.lambda$new$0(EventFiringWebDriver.java:84)
at com.sun.proxy.$Proxy18.onException(Unknown Source)
at org.openqa.selenium.support.events.EventFiringWebDriver.lambda$new$1(EventFiringWebDriver.java:107)
at com.sun.proxy.$Proxy19.getScreenshotAs(Unknown Source)
at org.openqa.selenium.support.events.EventFiringWebDriver.getScreenshotAs(EventFiringWebDriver.java:302)
at com.crm.qa.util.TestUtil.takeScreenshotAtEndOfTest(TestUtil.java:116)
at com.crm.qa.util.WebEventListener.onException(WebEventListener.java:68)
at sun.reflect.GeneratedMethodAccessor44.invoke(Unknown Source)
at sun.reflect.DelegatingMethodAccessorImpl.invoke(Unknown Source)
at java.lang.reflect.Method.invoke(Unknown Source)
at org.openqa.selenium.support.events.EventFiringWebDriver.lambda$new$0(EventFiringWebDriver.java:84)
at com.sun.proxy.$Proxy18.onException(Unknown Source)
at org.openqa.selenium.support.events.EventFiringWebDriver.lambda$new$1(EventFiringWebDriver.java:107)
at com.sun.proxy.$Proxy19.getScreenshotAs(Unknown Source)
at org.openqa.selenium.support.events.EventFiringWebDriver.getScreenshotAs(EventFiringWebDriver.java:302)
at com.crm.qa.util.TestUtil.takeScreenshotAtEndOfTest(TestUtil.java:116)
at com.crm.qa.util.WebEventListener.onException(WebEventListener.java:68)
at sun.reflect.GeneratedMethodAccessor44.invoke(Unknown Source)
at sun.reflect.DelegatingMethodAccessorImpl.invoke(Unknown Source)
at java.lang.reflect.Method.invoke(Unknown Source)
at org.openqa.selenium.support.events.EventFiringWebDriver.lambda$new$0(EventFiringWebDriver.java:84)
at com.sun.proxy.$Proxy18.onException(Unknown Source)
at org.openqa.selenium.support.events.EventFiringWebDriver.lambda$new$1(EventFiringWebDriver.java:107)
at com.sun.proxy.$Proxy19.getScreenshotAs(Unknown Source)
at org.openqa.selenium.support.events.EventFiringWebDriver.getScreenshotAs(EventFiringWebDriver.java:302)
at com.crm.qa.util.TestUtil.takeScreenshotAtEndOfTest(TestUtil.java:116)
at com.crm.qa.util.WebEventListener.onException(WebEventListener.java:68)
at sun.reflect.GeneratedMethodAccessor44.invoke(Unknown Source)
at sun.reflect.DelegatingMethodAccessorImpl.invoke(Unknown Source)
at java.lang.reflect.Method.invoke(Unknown Source)
at org.openqa.selenium.support.events.EventFiringWebDriver.lambda$new$0(EventFiringWebDriver.java:84)
at com.sun.proxy.$Proxy18.onException(Unknown Source)
at org.openqa.selenium.support.events.EventFiringWebDriver.lambda$new$1(EventFiringWebDriver.java:107)
at com.sun.proxy.$Proxy19.getScreenshotAs(Unknown Source)
at org.openqa.selenium.support.events.EventFiringWebDriver.getScreenshotAs(EventFiringWebDriver.java:302)
at com.crm.qa.util.TestUtil.takeScreenshotAtEndOfTest(TestUtil.java:116)
at com.crm.qa.util.WebEventListener.onException(WebEventListener.java:68)
at sun.reflect.GeneratedMethodAccessor44.invoke(Unknown Source)
at sun.reflect.DelegatingMethodAccessorImpl.invoke(Unknown Source)
at java.lang.reflect.Method.invoke(Unknown Source)
at org.openqa.selenium.support.events.EventFiringWebDriver.lambda$new$0(EventFiringWebDriver.java:84)
at com.sun.proxy.$Proxy18.onException(Unknown Source)
at org.openqa.selenium.support.events.EventFiringWebDriver.lambda$new$1(EventFiringWebDriver.java:107)
at com.sun.proxy.$Proxy19.getScreenshotAs(Unknown Source)
at org.openqa.selenium.support.events.EventFiringWebDriver.getScreenshotAs(EventFiringWebDriver.java:302)
at com.crm.qa.util.TestUtil.takeScreenshotAtEndOfTest(TestUtil.java:116)
at com.crm.qa.util.WebEventListener.onException(WebEventListener.java:68)
at sun.reflect.GeneratedMethodAccessor44.invoke(Unknown Source)
at sun.reflect.DelegatingMethodAccessorImpl.invoke(Unknown Source)
at java.lang.reflect.Method.invoke(Unknown Source)
at org.openqa.selenium.support.events.EventFiringWebDriver.lambda$new$0(EventFiringWebDriver.java:84)
at com.sun.proxy.$Proxy18.onException(Unknown Source)
at org.openqa.selenium.support.events.EventFiringWebDriver.lambda$new$1(EventFiringWebDriver.java:107)
at com.sun.proxy.$Proxy19.getScreenshotAs(Unknown Source)
at org.openqa.selenium.support.events.EventFiringWebDriver.getScreenshotAs(EventFiringWebDriver.java:302)
at com.crm.qa.util.TestUtil.takeScreenshotAtEndOfTest(TestUtil.java:116)
at com.crm.qa.util.WebEventListener.onException(WebEventListener.java:68)
at sun.reflect.GeneratedMethodAccessor44.invoke(Unknown Source)
at sun.reflect.DelegatingMethodAccessorImpl.invoke(Unknown Source)
at java.lang.reflect.Method.invoke(Unknown Source)
at org.openqa.selenium.support.events.EventFiringWebDriver.lambda$new$0(EventFiringWebDriver.java:84)
at com.sun.proxy.$Proxy18.onException(Unknown Source)
at org.openqa.selenium.support.events.EventFiringWebDriver.lambda$new$1(EventFiringWebDriver.java:107)
at com.sun.proxy.$Proxy19.getScreenshotAs(Unknown Source)
at org.openqa.selenium.support.events.EventFiringWebDriver.getScreenshotAs(EventFiringWebDriver.java:302)
at com.crm.qa.util.TestUtil.takeScreenshotAtEndOfTest(TestUtil.java:116)
at com.crm.qa.util.WebEventListener.onException(WebEventListener.java:68)
at sun.reflect.GeneratedMethodAccessor44.invoke(Unknown Source)
at sun.reflect.DelegatingMethodAccessorImpl.invoke(Unknown Source)
at java.lang.reflect.Method.invoke(Unknown Source)
at org.openqa.selenium.support.events.EventFiringWebDriver.lambda$new$0(EventFiringWebDriver.java:84)
at com.sun.proxy.$Proxy18.onException(Unknown Source)
at org.openqa.selenium.support.events.EventFiringWebDriver.lambda$new$1(EventFiringWebDriver.java:107)
at com.sun.proxy.$Proxy19.getScreenshotAs(Unknown Source)
at org.openqa.selenium.support.events.EventFiringWebDriver.getScreenshotAs(EventFiringWebDriver.java:302)
at com.crm.qa.util.TestUtil.takeScreenshotAtEndOfTest(TestUtil.java:116)
at com.crm.qa.util.WebEventListener.onException(WebEventListener.java:68)
at sun.reflect.GeneratedMethodAccessor44.invoke(Unknown Source)
at sun.reflect.DelegatingMethodAccessorImpl.invoke(Unknown Source)
at java.lang.reflect.Method.invoke(Unknown Source)
at org.openqa.selenium.support.events.EventFiringWebDriver.lambda$new$0(EventFiringWebDriver.java:84)
at com.sun.proxy.$Proxy18.onException(Unknown Source)
at org.openqa.selenium.support.events.EventFiringWebDriver.lambda$new$1(EventFiringWebDriver.java:107)
at com.sun.proxy.$Proxy19.getScreenshotAs(Unknown Source)
at org.openqa.selenium.support.events.EventFiringWebDriver.getScreenshotAs(EventFiringWebDriver.java:302)
at com.crm.qa.util.TestUtil.takeScreenshotAtEndOfTest(TestUtil.java:116)
at com.crm.qa.util.WebEventListener.onException(WebEventListener.java:68)
at sun.reflect.GeneratedMethodAccessor44.invoke(Unknown Source)
at sun.reflect.DelegatingMethodAccessorImpl.invoke(Unknown Source)
at java.lang.reflect.Method.invoke(Unknown Source)
at org.openqa.selenium.support.events.EventFiringWebDriver.lambda$new$0(EventFiringWebDriver.java:84)
at com.sun.proxy.$Proxy18.onException(Unknown Source)
at org.openqa.selenium.support.events.EventFiringWebDriver.lambda$new$1(EventFiringWebDriver.java:107)
at com.sun.proxy.$Proxy19.getScreenshotAs(Unknown Source)
at org.openqa.selenium.support.events.EventFiringWebDriver.getScreenshotAs(EventFiringWebDriver.java:302)
at com.crm.qa.util.TestUtil.takeScreenshotAtEndOfTest(TestUtil.java:116)
at com.crm.qa.util.WebEventListener.onException(WebEventListener.java:68)
at sun.reflect.GeneratedMethodAccessor44.invoke(Unknown Source)
at sun.reflect.DelegatingMethodAccessorImpl.invoke(Unknown Source)
at java.lang.reflect.Method.invoke(Unknown Source)
at org.openqa.selenium.support.events.EventFiringWebDriver.lambda$new$0(EventFiringWebDriver.java:84)
at com.sun.proxy.$Proxy18.onException(Unknown Source)
at org.openqa.selenium.support.events.EventFiringWebDriver.lambda$new$1(EventFiringWebDriver.java:107)
at com.sun.proxy.$Proxy19.getScreenshotAs(Unknown Source)
at org.openqa.selenium.support.events.EventFiringWebDriver.getScreenshotAs(EventFiringWebDriver.java:302)
at com.crm.qa.util.TestUtil.takeScreenshotAtEndOfTest(TestUtil.java:116)
at com.crm.qa.util.WebEventListener.onException(WebEventListener.java:68)
at sun.reflect.GeneratedMethodAccessor44.invoke(Unknown Source)
at sun.reflect.DelegatingMethodAccessorImpl.invoke(Unknown Source)
at java.lang.reflect.Method.invoke(Unknown Source)
at org.openqa.selenium.support.events.EventFiringWebDriver.lambda$new$0(EventFiringWebDriver.java:84)
at com.sun.proxy.$Proxy18.onException(Unknown Source)
at org.openqa.selenium.support.events.EventFiringWebDriver.lambda$new$1(EventFiringWebDriver.java:107)
at com.sun.proxy.$Proxy19.getScreenshotAs(Unknown Source)
at org.openqa.selenium.support.events.EventFiringWebDriver.getScreenshotAs(EventFiringWebDriver.java:302)
at com.crm.qa.util.TestUtil.takeScreenshotAtEndOfTest(TestUtil.java:116)
at com.crm.qa.util.WebEventListener.onException(WebEventListener.java:68)
at sun.reflect.GeneratedMethodAccessor44.invoke(Unknown Source)
at sun.reflect.DelegatingMethodAccessorImpl.invoke(Unknown Source)
at java.lang.reflect.Method.invoke(Unknown Source)
at org.openqa.selenium.support.events.EventFiringWebDriver.lambda$new$0(EventFiringWebDriver.java:84)
at com.sun.proxy.$Proxy18.onException(Unknown Source)
at org.openqa.selenium.support.events.EventFiringWebDriver.lambda$new$1(EventFiringWebDriver.java:107)
at com.sun.proxy.$Proxy19.getScreenshotAs(Unknown Source)
at org.openqa.selenium.support.events.EventFiringWebDriver.getScreenshotAs(EventFiringWebDriver.java:302)
at com.crm.qa.util.TestUtil.takeScreenshotAtEndOfTest(TestUtil.java:116)
at com.crm.qa.util.WebEventListener.onException(WebEventListener.java:68)
at sun.reflect.GeneratedMethodAccessor44.invoke(Unknown Source)
at sun.reflect.DelegatingMethodAccessorImpl.invoke(Unknown Source)
at java.lang.reflect.Method.invoke(Unknown Source)
at org.openqa.selenium.support.events.EventFiringWebDriver.lambda$new$0(EventFiringWebDriver.java:84)
at com.sun.proxy.$Proxy18.onException(Unknown Source)
at org.openqa.selenium.support.events.EventFiringWebDriver.lambda$new$1(EventFiringWebDriver.java:107)
at com.sun.proxy.$Proxy19.getScreenshotAs(Unknown Source)
at org.openqa.selenium.support.events.EventFiringWebDriver.getScreenshotAs(EventFiringWebDriver.java:302)
at com.crm.qa.util.TestUtil.takeScreenshotAtEndOfTest(TestUtil.java:116)
at com.crm.qa.util.WebEventListener.onException(WebEventListener.java:68)
at sun.reflect.GeneratedMethodAccessor44.invoke(Unknown Source)
at sun.reflect.DelegatingMethodAccessorImpl.invoke(Unknown Source)
at java.lang.reflect.Method.invoke(Unknown Source)
at org.openqa.selenium.support.events.EventFiringWebDriver.lambda$new$0(EventFiringWebDriver.java:84)
at com.sun.proxy.$Proxy18.onException(Unknown Source)
at org.openqa.selenium.support.events.EventFiringWebDriver.lambda$new$1(EventFiringWebDriver.java:107)
at com.sun.proxy.$Proxy19.getScreenshotAs(Unknown Source)
at org.openqa.selenium.support.events.EventFiringWebDriver.getScreenshotAs(EventFiringWebDriver.java:302)
at com.crm.qa.util.TestUtil.takeScreenshotAtEndOfTest(TestUtil.java:116)
at com.crm.qa.util.WebEventListener.onException(WebEventListener.java:68)
at sun.reflect.GeneratedMethodAccessor44.invoke(Unknown Source)
at sun.reflect.DelegatingMethodAccessorImpl.invoke(Unknown Source)
at java.lang.reflect.Method.invoke(Unknown Source)
at org.openqa.selenium.support.events.EventFiringWebDriver.lambda$new$0(EventFiringWebDriver.java:84)
at com.sun.proxy.$Proxy18.onException(Unknown Source)
at org.openqa.selenium.support.events.EventFiringWebDriver.lambda$new$1(EventFiringWebDriver.java:107)
at com.sun.proxy.$Proxy19.getScreenshotAs(Unknown Source)
at org.openqa.selenium.support.events.EventFiringWebDriver.getScreenshotAs(EventFiringWebDriver.java:302)
at com.crm.qa.util.TestUtil.takeScreenshotAtEndOfTest(TestUtil.java:116)
at com.crm.qa.util.WebEventListener.onException(WebEventListener.java:68)
at sun.reflect.GeneratedMethodAccessor44.invoke(Unknown Source)
at sun.reflect.DelegatingMethodAccessorImpl.invoke(Unknown Source)
at java.lang.reflect.Method.invoke(Unknown Source)
at org.openqa.selenium.support.events.EventFiringWebDriver.lambda$new$0(EventFiringWebDriver.java:84)
at com.sun.proxy.$Proxy18.onException(Unknown Source)
at org.openqa.selenium.support.events.EventFiringWebDriver.lambda$new$1(EventFiringWebDriver.java:107)
at com.sun.proxy.$Proxy19.getScreenshotAs(Unknown Source)
at org.openqa.selenium.support.events.EventFiringWebDriver.getScreenshotAs(EventFiringWebDriver.java:302)
at com.crm.qa.util.TestUtil.takeScreenshotAtEndOfTest(TestUtil.java:116)
at com.crm.qa.util.WebEventListener.onException(WebEventListener.java:68)
at sun.reflect.GeneratedMethodAccessor44.invoke(Unknown Source)
at sun.reflect.DelegatingMethodAccessorImpl.invoke(Unknown Source)
at java.lang.reflect.Method.invoke(Unknown Source)
at org.openqa.selenium.support.events.EventFiringWebDriver.lambda$new$0(EventFiringWebDriver.java:84)
at com.sun.proxy.$Proxy18.onException(Unknown Source)
at org.openqa.selenium.support.events.EventFiringWebDriver.lambda$new$1(EventFiringWebDriver.java:107)
at com.sun.proxy.$Proxy19.getScreenshotAs(Unknown Source)
at org.openqa.selenium.support.events.EventFiringWebDriver.getScreenshotAs(EventFiringWebDriver.java:302)
at com.crm.qa.util.TestUtil.takeScreenshotAtEndOfTest(TestUtil.java:116)
at com.crm.qa.util.WebEventListener.onException(WebEventListener.java:68)
at sun.reflect.GeneratedMethodAccessor44.invoke(Unknown Source)
at sun.reflect.DelegatingMethodAccessorImpl.invoke(Unknown Source)
at java.lang.reflect.Method.invoke(Unknown Source)
at org.openqa.selenium.support.events.EventFiringWebDriver.lambda$new$0(EventFiringWebDriver.java:84)
at com.sun.proxy.$Proxy18.onException(Unknown Source)
at org.openqa.selenium.support.events.EventFiringWebDriver.lambda$new$1(EventFiringWebDriver.java:107)
at com.sun.proxy.$Proxy19.getScreenshotAs(Unknown Source)
at org.openqa.selenium.support.events.EventFiringWebDriver.getScreenshotAs(EventFiringWebDriver.java:302)
at com.crm.qa.util.TestUtil.takeScreenshotAtEndOfTest(TestUtil.java:116)
at com.crm.qa.util.WebEventListener.onException(WebEventListener.java:68)
at sun.reflect.GeneratedMethodAccessor44.invoke(Unknown Source)
at sun.reflect.DelegatingMethodAccessorImpl.invoke(Unknown Source)
at java.lang.reflect.Method.invoke(Unknown Source)
at org.openqa.selenium.support.events.EventFiringWebDriver.lambda$new$0(EventFiringWebDriver.java:84)
at com.sun.proxy.$Proxy18.onException(Unknown Source)
at org.openqa.selenium.support.events.EventFiringWebDriver.lambda$new$1(EventFiringWebDriver.java:107)
at com.sun.proxy.$Proxy19.getScreenshotAs(Unknown Source)
at org.openqa.selenium.support.events.EventFiringWebDriver.getScreenshotAs(EventFiringWebDriver.java:302)
at com.crm.qa.util.TestUtil.takeScreenshotAtEndOfTest(TestUtil.java:116)
at com.crm.qa.util.WebEventListener.onException(WebEventListener.java:68)
at sun.reflect.GeneratedMethodAccessor44.invoke(Unknown Source)
at sun.reflect.DelegatingMethodAccessorImpl.invoke(Unknown Source)
at java.lang.reflect.Method.invoke(Unknown Source)
at org.openqa.selenium.support.events.EventFiringWebDriver.lambda$new$0(EventFiringWebDriver.java:84)
at com.sun.proxy.$Proxy18.onException(Unknown Source)
at org.openqa.selenium.support.events.EventFiringWebDriver.lambda$new$1(EventFiringWebDriver.java:107)
at com.sun.proxy.$Proxy19.getScreenshotAs(Unknown Source)
at org.openqa.selenium.support.events.EventFiringWebDriver.getScreenshotAs(EventFiringWebDriver.java:302)
at com.crm.qa.util.TestUtil.takeScreenshotAtEndOfTest(TestUtil.java:116)
at com.crm.qa.util.WebEventListener.onException(WebEventListener.java:68)
at sun.reflect.GeneratedMethodAccessor44.invoke(Unknown Source)
at sun.reflect.DelegatingMethodAccessorImpl.invoke(Unknown Source)
at java.lang.reflect.Method.invoke(Unknown Source)
at org.openqa.selenium.support.events.EventFiringWebDriver.lambda$new$0(EventFiringWebDriver.java:84)
at com.sun.proxy.$Proxy18.onException(Unknown Source)
at org.openqa.selenium.support.events.EventFiringWebDriver.lambda$new$1(EventFiringWebDriver.java:107)
at com.sun.proxy.$Proxy19.getScreenshotAs(Unknown Source)
at org.openqa.selenium.support.events.EventFiringWebDriver.getScreenshotAs(EventFiringWebDriver.java:302)
at com.crm.qa.util.TestUtil.takeScreenshotAtEndOfTest(TestUtil.java:116)
at com.crm.qa.util.WebEventListener.onException(WebEventListener.java:68)
at sun.reflect.GeneratedMethodAccessor44.invoke(Unknown Source)
at sun.reflect.DelegatingMethodAccessorImpl.invoke(Unknown Source)
at java.lang.reflect.Method.invoke(Unknown Source)
at org.openqa.selenium.support.events.EventFiringWebDriver.lambda$new$0(EventFiringWebDriver.java:84)
at com.sun.proxy.$Proxy18.onException(Unknown Source)
at org.openqa.selenium.support.events.EventFiringWebDriver.lambda$new$1(EventFiringWebDriver.java:107)
at com.sun.proxy.$Proxy19.getScreenshotAs(Unknown Source)
at org.openqa.selenium.support.events.EventFiringWebDriver.getScreenshotAs(EventFiringWebDriver.java:302)
at com.crm.qa.util.TestUtil.takeScreenshotAtEndOfTest(TestUtil.java:116)
at com.crm.qa.util.WebEventListener.onException(WebEventListener.java:68)
at sun.reflect.GeneratedMethodAccessor44.invoke(Unknown Source)
at sun.reflect.DelegatingMethodAccessorImpl.invoke(Unknown Source)
at java.lang.reflect.Method.invoke(Unknown Source)
at org.openqa.selenium.support.events.EventFiringWebDriver.lambda$new$0(EventFiringWebDriver.java:84)
at com.sun.proxy.$Proxy18.onException(Unknown Source)
at org.openqa.selenium.support.events.EventFiringWebDriver.lambda$new$1(EventFiringWebDriver.java:107)
at com.sun.proxy.$Proxy19.getScreenshotAs(Unknown Source)
at org.openqa.selenium.support.events.EventFiringWebDriver.getScreenshotAs(EventFiringWebDriver.java:302)
at com.crm.qa.util.TestUtil.takeScreenshotAtEndOfTest(TestUtil.java:116)
at com.crm.qa.util.WebEventListener.onException(WebEventListener.java:68)
at sun.reflect.GeneratedMethodAccessor44.invoke(Unknown Source)
at sun.reflect.DelegatingMethodAccessorImpl.invoke(Unknown Source)
at java.lang.reflect.Method.invoke(Unknown Source)
at org.openqa.selenium.support.events.EventFiringWebDriver.lambda$new$0(EventFiringWebDriver.java:84)
at com.sun.proxy.$Proxy18.onException(Unknown Source)
at org.openqa.selenium.support.events.EventFiringWebDriver.lambda$new$1(EventFiringWebDriver.java:107)
at com.sun.proxy.$Proxy19.getScreenshotAs(Unknown Source)
at org.openqa.selenium.support.events.EventFiringWebDriver.getScreenshotAs(EventFiringWebDriver.java:302)
at com.crm.qa.util.TestUtil.takeScreenshotAtEndOfTest(TestUtil.java:116)
at com.crm.qa.util.WebEventListener.onException(WebEventListener.java:68)
at sun.reflect.GeneratedMethodAccessor44.invoke(Unknown Source)
at sun.reflect.DelegatingMethodAccessorImpl.invoke(Unknown Source)
at java.lang.reflect.Method.invoke(Unknown Source)
at org.openqa.selenium.support.events.EventFiringWebDriver.lambda$new$0(EventFiringWebDriver.java:84)
at com.sun.proxy.$Proxy18.onException(Unknown Source)
at org.openqa.selenium.support.events.EventFiringWebDriver.lambda$new$1(EventFiringWebDriver.java:107)
at com.sun.proxy.$Proxy19.getScreenshotAs(Unknown Source)
at org.openqa.selenium.support.events.EventFiringWebDriver.getScreenshotAs(EventFiringWebDriver.java:302)
at com.crm.qa.util.TestUtil.takeScreenshotAtEndOfTest(TestUtil.java:116)
at com.crm.qa.util.WebEventListener.onException(WebEventListener.java:68)
at sun.reflect.GeneratedMethodAccessor44.invoke(Unknown Source)
at sun.reflect.DelegatingMethodAccessorImpl.invoke(Unknown Source)
at java.lang.reflect.Method.invoke(Unknown Source)
at org.openqa.selenium.support.events.EventFiringWebDriver.lambda$new$0(EventFiringWebDriver.java:84)
at com.sun.proxy.$Proxy18.onException(Unknown Source)
at org.openqa.selenium.support.events.EventFiringWebDriver.lambda$new$1(EventFiringWebDriver.java:107)
at com.sun.proxy.$Proxy19.getScreenshotAs(Unknown Source)
at org.openqa.selenium.support.events.EventFiringWebDriver.getScreenshotAs(EventFiringWebDriver.java:302)
at com.crm.qa.util.TestUtil.takeScreenshotAtEndOfTest(TestUtil.java:116)
at com.crm.qa.util.WebEventListener.onException(WebEventListener.java:68)
at sun.reflect.GeneratedMethodAccessor44.invoke(Unknown Source)
at sun.reflect.DelegatingMethodAccessorImpl.invoke(Unknown Source)
at java.lang.reflect.Method.invoke(Unknown Source)
at org.openqa.selenium.support.events.EventFiringWebDriver.lambda$new$0(EventFiringWebDriver.java:84)
at com.sun.proxy.$Proxy18.onException(Unknown Source)
at org.openqa.selenium.support.events.EventFiringWebDriver.lambda$new$1(EventFiringWebDriver.java:107)
at com.sun.proxy.$Proxy19.getScreenshotAs(Unknown Source)
at org.openqa.selenium.support.events.EventFiringWebDriver.getScreenshotAs(EventFiringWebDriver.java:302)
at com.crm.qa.util.TestUtil.takeScreenshotAtEndOfTest(TestUtil.java:116)
at com.crm.qa.util.WebEventListener.onException(WebEventListener.java:68)
at sun.reflect.GeneratedMethodAccessor44.invoke(Unknown Source)
at sun.reflect.DelegatingMethodAccessorImpl.invoke(Unknown Source)
at java.lang.reflect.Method.invoke(Unknown Source)
at org.openqa.selenium.support.events.EventFiringWebDriver.lambda$new$0(EventFiringWebDriver.java:84)
at com.sun.proxy.$Proxy18.onException(Unknown Source)
at org.openqa.selenium.support.events.EventFiringWebDriver.lambda$new$1(EventFiringWebDriver.java:107)
at com.sun.proxy.$Proxy19.getScreenshotAs(Unknown Source)
at org.openqa.selenium.support.events.EventFiringWebDriver.getScreenshotAs(EventFiringWebDriver.java:302)
at com.crm.qa.util.TestUtil.takeScreenshotAtEndOfTest(TestUtil.java:116)
at com.crm.qa.util.WebEventListener.onException(WebEventListener.java:68)
at sun.reflect.GeneratedMethodAccessor44.invoke(Unknown Source)
at sun.reflect.DelegatingMethodAccessorImpl.invoke(Unknown Source)
at java.lang.reflect.Method.invoke(Unknown Source)
at org.openqa.selenium.support.events.EventFiringWebDriver.lambda$new$0(EventFiringWebDriver.java:84)
at com.sun.proxy.$Proxy18.onException(Unknown Source)
at org.openqa.selenium.support.events.EventFiringWebDriver.lambda$new$1(EventFiringWebDriver.java:107)
at com.sun.proxy.$Proxy19.getScreenshotAs(Unknown Source)
at org.openqa.selenium.support.events.EventFiringWebDriver.getScreenshotAs(EventFiringWebDriver.java:302)
at com.crm.qa.util.TestUtil.takeScreenshotAtEndOfTest(TestUtil.java:116)
at com.crm.qa.util.WebEventListener.onException(WebEventListener.java:68)
at sun.reflect.GeneratedMethodAccessor44.invoke(Unknown Source)
at sun.reflect.DelegatingMethodAccessorImpl.invoke(Unknown Source)
at java.lang.reflect.Method.invoke(Unknown Source)
at org.openqa.selenium.support.events.EventFiringWebDriver.lambda$new$0(EventFiringWebDriver.java:84)
at com.sun.proxy.$Proxy18.onException(Unknown Source)
at org.openqa.selenium.support.events.EventFiringWebDriver.lambda$new$1(EventFiringWebDriver.java:107)
at com.sun.proxy.$Proxy19.getScreenshotAs(Unknown Source)
at org.openqa.selenium.support.events.EventFiringWebDriver.getScreenshotAs(EventFiringWebDriver.java:302)
at com.crm.qa.util.TestUtil.takeScreenshotAtEndOfTest(TestUtil.java:116)
at com.crm.qa.util.WebEventListener.onException(WebEventListener.java:68)
at sun.reflect.GeneratedMethodAccessor44.invoke(Unknown Source)
at sun.reflect.DelegatingMethodAccessorImpl.invoke(Unknown Source)
at java.lang.reflect.Method.invoke(Unknown Source)
at org.openqa.selenium.support.events.EventFiringWebDriver.lambda$new$0(EventFiringWebDriver.java:84)
at com.sun.proxy.$Proxy18.onException(Unknown Source)
at org.openqa.selenium.support.events.EventFiringWebDriver.lambda$new$1(EventFiringWebDriver.java:107)
at com.sun.proxy.$Proxy19.getScreenshotAs(Unknown Source)
at org.openqa.selenium.support.events.EventFiringWebDriver.getScreenshotAs(EventFiringWebDriver.java:302)
at com.crm.qa.util.TestUtil.takeScreenshotAtEndOfTest(TestUtil.java:116)
at com.crm.qa.util.WebEventListener.onException(WebEventListener.java:68)
at sun.reflect.GeneratedMethodAccessor44.invoke(Unknown Source)
at sun.reflect.DelegatingMethodAccessorImpl.invoke(Unknown Source)
at java.lang.reflect.Method.invoke(Unknown Source)
at org.openqa.selenium.support.events.EventFiringWebDriver.lambda$new$0(EventFiringWebDriver.java:84)
at com.sun.proxy.$Proxy18.onException(Unknown Source)
at org.openqa.selenium.support.events.EventFiringWebDriver.lambda$new$1(EventFiringWebDriver.java:107)
at com.sun.proxy.$Proxy19.getScreenshotAs(Unknown Source)
at org.openqa.selenium.support.events.EventFiringWebDriver.getScreenshotAs(EventFiringWebDriver.java:302)
at com.crm.qa.util.TestUtil.takeScreenshotAtEndOfTest(TestUtil.java:116)
at com.crm.qa.util.WebEventListener.onException(WebEventListener.java:68)
at sun.reflect.GeneratedMethodAccessor44.invoke(Unknown Source)
at sun.reflect.DelegatingMethodAccessorImpl.invoke(Unknown Source)
at java.lang.reflect.Method.invoke(Unknown Source)
at org.openqa.selenium.support.events.EventFiringWebDriver.lambda$new$0(EventFiringWebDriver.java:84)
at com.sun.proxy.$Proxy18.onException(Unknown Source)
at org.openqa.selenium.support.events.EventFiringWebDriver.lambda$new$1(EventFiringWebDriver.java:107)
at com.sun.proxy.$Proxy19.getScreenshotAs(Unknown Source)
at org.openqa.selenium.support.events.EventFiringWebDriver.getScreenshotAs(EventFiringWebDriver.java:302)
at com.crm.qa.util.TestUtil.takeScreenshotAtEndOfTest(TestUtil.java:116)
at com.crm.qa.util.WebEventListener.onException(WebEventListener.java:68)
at sun.reflect.GeneratedMethodAccessor44.invoke(Unknown Source)
at sun.reflect.DelegatingMethodAccessorImpl.invoke(Unknown Source)
at java.lang.reflect.Method.invoke(Unknown Source)
at org.openqa.selenium.support.events.EventFiringWebDriver.lambda$new$0(EventFiringWebDriver.java:84)
at com.sun.proxy.$Proxy18.onException(Unknown Source)
at org.openqa.selenium.support.events.EventFiringWebDriver.lambda$new$1(EventFiringWebDriver.java:107)
at com.sun.proxy.$Proxy19.getScreenshotAs(Unknown Source)
at org.openqa.selenium.support.events.EventFiringWebDriver.getScreenshotAs(EventFiringWebDriver.java:302)
at com.crm.qa.util.TestUtil.takeScreenshotAtEndOfTest(TestUtil.java:116)
at com.crm.qa.util.WebEventListener.onException(WebEventListener.java:68)
at sun.reflect.GeneratedMethodAccessor44.invoke(Unknown Source)
at sun.reflect.DelegatingMethodAccessorImpl.invoke(Unknown Source)
at java.lang.reflect.Method.invoke(Unknown Source)
at org.openqa.selenium.support.events.EventFiringWebDriver.lambda$new$0(EventFiringWebDriver.java:84)
at com.sun.proxy.$Proxy18.onException(Unknown Source)
at org.openqa.selenium.support.events.EventFiringWebDriver.lambda$new$1(EventFiringWebDriver.java:107)
at com.sun.proxy.$Proxy19.getScreenshotAs(Unknown Source)
at org.openqa.selenium.support.events.EventFiringWebDriver.getScreenshotAs(EventFiringWebDriver.java:302)
at com.crm.qa.util.TestUtil.takeScreenshotAtEndOfTest(TestUtil.java:116)
at com.crm.qa.util.WebEventListener.onException(WebEventListener.java:68)
at sun.reflect.GeneratedMethodAccessor44.invoke(Unknown Source)
at sun.reflect.DelegatingMethodAccessorImpl.invoke(Unknown Source)
at java.lang.reflect.Method.invoke(Unknown Source)
at org.openqa.selenium.support.events.EventFiringWebDriver.lambda$new$0(EventFiringWebDriver.java:84)
at com.sun.proxy.$Proxy18.onException(Unknown Source)
at org.openqa.selenium.support.events.EventFiringWebDriver.lambda$new$1(EventFiringWebDriver.java:107)
at com.sun.proxy.$Proxy19.getScreenshotAs(Unknown Source)
at org.openqa.selenium.support.events.EventFiringWebDriver.getScreenshotAs(EventFiringWebDriver.java:302)
at com.crm.qa.util.TestUtil.takeScreenshotAtEndOfTest(TestUtil.java:116)
at com.crm.qa.util.WebEventListener.onException(WebEventListener.java:68)
at sun.reflect.GeneratedMethodAccessor44.invoke(Unknown Source)
at sun.reflect.DelegatingMethodAccessorImpl.invoke(Unknown Source)
at java.lang.reflect.Method.invoke(Unknown Source)
at org.openqa.selenium.support.events.EventFiringWebDriver.lambda$new$0(EventFiringWebDriver.java:84)
at com.sun.proxy.$Proxy18.onException(Unknown Source)
at org.openqa.selenium.support.events.EventFiringWebDriver.lambda$new$1(EventFiringWebDriver.java:107)
at com.sun.proxy.$Proxy19.getScreenshotAs(Unknown Source)
at org.openqa.selenium.support.events.EventFiringWebDriver.getScreenshotAs(EventFiringWebDriver.java:302)
at com.crm.qa.util.TestUtil.takeScreenshotAtEndOfTest(TestUtil.java:116)
at com.crm.qa.util.WebEventListener.onException(WebEventListener.java:68)
at sun.reflect.GeneratedMethodAccessor44.invoke(Unknown Source)
at sun.reflect.DelegatingMethodAccessorImpl.invoke(Unknown Source)
at java.lang.reflect.Method.invoke(Unknown Source)
at org.openqa.selenium.support.events.EventFiringWebDriver.lambda$new$0(EventFiringWebDriver.java:84)
at com.sun.proxy.$Proxy18.onException(Unknown Source)
at org.openqa.selenium.support.events.EventFiringWebDriver.lambda$new$1(EventFiringWebDriver.java:107)
at com.sun.proxy.$Proxy19.getScreenshotAs(Unknown Source)
at org.openqa.selenium.support.events.EventFiringWebDriver.getScreenshotAs(EventFiringWebDriver.java:302)
at com.crm.qa.util.TestUtil.takeScreenshotAtEndOfTest(TestUtil.java:116)
at com.crm.qa.util.WebEventListener.onException(WebEventListener.java:68)
at sun.reflect.GeneratedMethodAccessor44.invoke(Unknown Source)
at sun.reflect.DelegatingMethodAccessorImpl.invoke(Unknown Source)
at java.lang.reflect.Method.invoke(Unknown Source)
at org.openqa.selenium.support.events.EventFiringWebDriver.lambda$new$0(EventFiringWebDriver.java:84)
at com.sun.proxy.$Proxy18.onException(Unknown Source)
at org.openqa.selenium.support.events.EventFiringWebDriver.lambda$new$1(EventFiringWebDriver.java:107)
at com.sun.proxy.$Proxy19.getScreenshotAs(Unknown Source)
at org.openqa.selenium.support.events.EventFiringWebDriver.getScreenshotAs(EventFiringWebDriver.java:302)
at com.crm.qa.util.TestUtil.takeScreenshotAtEndOfTest(TestUtil.java:116)
at com.crm.qa.util.WebEventListener.onException(WebEventListener.java:68)
at sun.reflect.GeneratedMethodAccessor44.invoke(Unknown Source)
at sun.reflect.DelegatingMethodAccessorImpl.invoke(Unknown Source)
at java.lang.reflect.Method.invoke(Unknown Source)
at org.openqa.selenium.support.events.EventFiringWebDriver.lambda$new$0(EventFiringWebDriver.java:84)
at com.sun.proxy.$Proxy18.onException(Unknown Source)
at org.openqa.selenium.support.events.EventFiringWebDriver.lambda$new$1(EventFiringWebDriver.java:107)
at com.sun.proxy.$Proxy19.getScreenshotAs(Unknown Source)
at org.openqa.selenium.support.events.EventFiringWebDriver.getScreenshotAs(EventFiringWebDriver.java:302)
at com.crm.qa.util.TestUtil.takeScreenshotAtEndOfTest(TestUtil.java:116)
at com.crm.qa.util.WebEventListener.onException(WebEventListener.java:68)
at sun.reflect.GeneratedMethodAccessor44.invoke(Unknown Source)
at sun.reflect.DelegatingMethodAccessorImpl.invoke(Unknown Source)
at java.lang.reflect.Method.invoke(Unknown Source)
at org.openqa.selenium.support.events.EventFiringWebDriver.lambda$new$0(EventFiringWebDriver.java:84)
at com.sun.proxy.$Proxy18.onException(Unknown Source)
at org.openqa.selenium.support.events.EventFiringWebDriver.lambda$new$1(EventFiringWebDriver.java:107)
at com.sun.proxy.$Proxy19.getScreenshotAs(Unknown Source)
at org.openqa.selenium.support.events.EventFiringWebDriver.getScreenshotAs(EventFiringWebDriver.java:302)
at com.crm.qa.util.TestUtil.takeScreenshotAtEndOfTest(TestUtil.java:116)
at com.crm.qa.util.WebEventListener.onException(WebEventListener.java:68)
at sun.reflect.GeneratedMethodAccessor44.invoke(Unknown Source)
at sun.reflect.DelegatingMethodAccessorImpl.invoke(Unknown Source)
at java.lang.reflect.Method.invoke(Unknown Source)
at org.openqa.selenium.support.events.EventFiringWebDriver.lambda$new$0(EventFiringWebDriver.java:84)
at com.sun.proxy.$Proxy18.onException(Unknown Source)
at org.openqa.selenium.support.events.EventFiringWebDriver.lambda$new$1(EventFiringWebDriver.java:107)
at com.sun.proxy.$Proxy19.getScreenshotAs(Unknown Source)
at org.openqa.selenium.support.events.EventFiringWebDriver.getScreenshotAs(EventFiringWebDriver.java:302)
at com.crm.qa.util.TestUtil.takeScreenshotAtEndOfTest(TestUtil.java:116)
at com.crm.qa.util.WebEventListener.onException(WebEventListener.java:68)
at sun.reflect.GeneratedMethodAccessor44.invoke(Unknown Source)
at sun.reflect.DelegatingMethodAccessorImpl.invoke(Unknown Source)
at java.lang.reflect.Method.invoke(Unknown Source)
at org.openqa.selenium.support.events.EventFiringWebDriver.lambda$new$0(EventFiringWebDriver.java:84)
at com.sun.proxy.$Proxy18.onException(Unknown Source)
at org.openqa.selenium.support.events.EventFiringWebDriver.lambda$new$1(EventFiringWebDriver.java:107)
at com.sun.proxy.$Proxy19.getScreenshotAs(Unknown Source)
at org.openqa.selenium.support.events.EventFiringWebDriver.getScreenshotAs(EventFiringWebDriver.java:302)
at com.crm.qa.util.TestUtil.takeScreenshotAtEndOfTest(TestUtil.java:116)
at com.crm.qa.util.WebEventListener.onException(WebEventListener.java:68)
at sun.reflect.GeneratedMethodAccessor44.invoke(Unknown Source)
at sun.reflect.DelegatingMethodAccessorImpl.invoke(Unknown Source)
at java.lang.reflect.Method.invoke(Unknown Source)
at org.openqa.selenium.support.events.EventFiringWebDriver.lambda$new$0(EventFiringWebDriver.java:84)
at com.sun.proxy.$Proxy18.onException(Unknown Source)
at org.openqa.selenium.support.events.EventFiringWebDriver.lambda$new$1(EventFiringWebDriver.java:107)
at com.sun.proxy.$Proxy19.getScreenshotAs(Unknown Source)
at org.openqa.selenium.support.events.EventFiringWebDriver.getScreenshotAs(EventFiringWebDriver.java:302)
at com.crm.qa.util.TestUtil.takeScreenshotAtEndOfTest(TestUtil.java:116)
at com.crm.qa.util.WebEventListener.onException(WebEventListener.java:68)
at sun.reflect.GeneratedMethodAccessor44.invoke(Unknown Source)
at sun.reflect.DelegatingMethodAccessorImpl.invoke(Unknown Source)
at java.lang.reflect.Method.invoke(Unknown Source)
at org.openqa.selenium.support.events.EventFiringWebDriver.lambda$new$0(EventFiringWebDriver.java:84)
at com.sun.proxy.$Proxy18.onException(Unknown Source)
at org.openqa.selenium.support.events.EventFiringWebDriver.lambda$new$1(EventFiringWebDriver.java:107)
at com.sun.proxy.$Proxy19.getScreenshotAs(Unknown Source)
at org.openqa.selenium.support.events.EventFiringWebDriver.getScreenshotAs(EventFiringWebDriver.java:302)
at com.crm.qa.util.TestUtil.takeScreenshotAtEndOfTest(TestUtil.java:116)
at com.crm.qa.util.WebEventListener.onException(WebEventListener.java:68)
at sun.reflect.GeneratedMethodAccessor44.invoke(Unknown Source)
at sun.reflect.DelegatingMethodAccessorImpl.invoke(Unknown Source)
at java.lang.reflect.Method.invoke(Unknown Source)
at org.openqa.selenium.support.events.EventFiringWebDriver.lambda$new$0(EventFiringWebDriver.java:84)
at com.sun.proxy.$Proxy18.onException(Unknown Source)
at org.openqa.selenium.support.events.EventFiringWebDriver.lambda$new$1(EventFiringWebDriver.java:107)
at com.sun.proxy.$Proxy19.getScreenshotAs(Unknown Source)
at org.openqa.selenium.support.events.EventFiringWebDriver.getScreenshotAs(EventFiringWebDriver.java:302)
at com.crm.qa.util.TestUtil.takeScreenshotAtEndOfTest(TestUtil.java:116)
at com.crm.qa.util.WebEventListener.onException(WebEventListener.java:68)
at sun.reflect.GeneratedMethodAccessor44.invoke(Unknown Source)
at sun.reflect.DelegatingMethodAccessorImpl.invoke(Unknown Source)
at java.lang.reflect.Method.invoke(Unknown Source)
at org.openqa.selenium.support.events.EventFiringWebDriver.lambda$new$0(EventFiringWebDriver.java:84)
at com.sun.proxy.$Proxy18.onException(Unknown Source)
at org.openqa.selenium.support.events.EventFiringWebDriver.lambda$new$1(EventFiringWebDriver.java:107)
at com.sun.proxy.$Proxy19.getScreenshotAs(Unknown Source)
at org.openqa.selenium.support.events.EventFiringWebDriver.getScreenshotAs(EventFiringWebDriver.java:302)
at com.crm.qa.util.TestUtil.takeScreenshotAtEndOfTest(TestUtil.java:116)
at com.crm.qa.util.WebEventListener.onException(WebEventListener.java:68)
at sun.reflect.GeneratedMethodAccessor44.invoke(Unknown Source)
at sun.reflect.DelegatingMethodAccessorImpl.invoke(Unknown Source)
at java.lang.reflect.Method.invoke(Unknown Source)
at org.openqa.selenium.support.events.EventFiringWebDriver.lambda$new$0(EventFiringWebDriver.java:84)
at com.sun.proxy.$Proxy18.onException(Unknown Source)
at org.openqa.selenium.support.events.EventFiringWebDriver.lambda$new$1(EventFiringWebDriver.java:107)
at com.sun.proxy.$Proxy19.getScreenshotAs(Unknown Source)
at org.openqa.selenium.support.events.EventFiringWebDriver.getScreenshotAs(EventFiringWebDriver.java:302)
at com.crm.qa.util.TestUtil.takeScreenshotAtEndOfTest(TestUtil.java:116)
at com.crm.qa.util.WebEventListener.onException(WebEventListener.java:68)
at sun.reflect.GeneratedMethodAccessor44.invoke(Unknown Source)
at sun.reflect.DelegatingMethodAccessorImpl.invoke(Unknown Source)
at java.lang.reflect.Method.invoke(Unknown Source)
at org.openqa.selenium.support.events.EventFiringWebDriver.lambda$new$0(EventFiringWebDriver.java:84)
at com.sun.proxy.$Proxy18.onException(Unknown Source)
at org.openqa.selenium.support.events.EventFiringWebDriver.lambda$new$1(EventFiringWebDriver.java:107)
at com.sun.proxy.$Proxy19.getScreenshotAs(Unknown Source)
at org.openqa.selenium.support.events.EventFiringWebDriver.getScreenshotAs(EventFiringWebDriver.java:302)
at com.crm.qa.util.TestUtil.takeScreenshotAtEndOfTest(TestUtil.java:116)
at com.crm.qa.util.WebEventListener.onException(WebEventListener.java:68)
at sun.reflect.GeneratedMethodAccessor44.invoke(Unknown Source)
at sun.reflect.DelegatingMethodAccessorImpl.invoke(Unknown Source)
at java.lang.reflect.Method.invoke(Unknown Source)
at org.openqa.selenium.support.events.EventFiringWebDriver.lambda$new$0(EventFiringWebDriver.java:84)
at com.sun.proxy.$Proxy18.onException(Unknown Source)
at org.openqa.selenium.support.events.EventFiringWebDriver.lambda$new$1(EventFiringWebDriver.java:107)
at com.sun.proxy.$Proxy19.getScreenshotAs(Unknown Source)
at org.openqa.selenium.support.events.EventFiringWebDriver.getScreenshotAs(EventFiringWebDriver.java:302)
at com.crm.qa.util.TestUtil.takeScreenshotAtEndOfTest(TestUtil.java:116)
at com.crm.qa.util.WebEventListener.onException(WebEventListener.java:68)
at sun.reflect.GeneratedMethodAccessor44.invoke(Unknown Source)
at sun.reflect.DelegatingMethodAccessorImpl.invoke(Unknown Source)
at java.lang.reflect.Method.invoke(Unknown Source)
at org.openqa.selenium.support.events.EventFiringWebDriver.lambda$new$0(EventFiringWebDriver.java:84)
at com.sun.proxy.$Proxy18.onException(Unknown Source)
at org.openqa.selenium.support.events.EventFiringWebDriver.lambda$new$1(EventFiringWebDriver.java:107)
at com.sun.proxy.$Proxy19.getScreenshotAs(Unknown Source)
at org.openqa.selenium.support.events.EventFiringWebDriver.getScreenshotAs(EventFiringWebDriver.java:302)
at com.crm.qa.util.TestUtil.takeScreenshotAtEndOfTest(TestUtil.java:116)
at com.crm.qa.util.WebEventListener.onException(WebEventListener.java:68)
at sun.reflect.GeneratedMethodAccessor44.invoke(Unknown Source)
at sun.reflect.DelegatingMethodAccessorImpl.invoke(Unknown Source)
at java.lang.reflect.Method.invoke(Unknown Source)
at org.openqa.selenium.support.events.EventFiringWebDriver.lambda$new$0(EventFiringWebDriver.java:84)
at com.sun.proxy.$Proxy18.onException(Unknown Source)
at org.openqa.selenium.support.events.EventFiringWebDriver.lambda$new$1(EventFiringWebDriver.java:107)
at com.sun.proxy.$Proxy19.getScreenshotAs(Unknown Source)
at org.openqa.selenium.support.events.EventFiringWebDriver.getScreenshotAs(EventFiringWebDriver.java:302)
at com.crm.qa.util.TestUtil.takeScreenshotAtEndOfTest(TestUtil.java:116)
at com.crm.qa.util.WebEventListener.onException(WebEventListener.java:68)
at sun.reflect.GeneratedMethodAccessor44.invoke(Unknown Source)
at sun.reflect.DelegatingMethodAccessorImpl.invoke(Unknown Source)
at java.lang.reflect.Method.invoke(Unknown Source)
at org.openqa.selenium.support.events.EventFiringWebDriver.lambda$new$0(EventFiringWebDriver.java:84)
at com.sun.proxy.$Proxy18.onException(Unknown Source)
at org.openqa.selenium.support.events.EventFiringWebDriver.lambda$new$1(EventFiringWebDriver.java:107)
at com.sun.proxy.$Proxy19.getScreenshotAs(Unknown Source)
at org.openqa.selenium.support.events.EventFiringWebDriver.getScreenshotAs(EventFiringWebDriver.java:302)
at com.crm.qa.util.TestUtil.takeScreenshotAtEndOfTest(TestUtil.java:116)
at com.crm.qa.util.WebEventListener.onException(WebEventListener.java:68)
at sun.reflect.GeneratedMethodAccessor44.invoke(Unknown Source)
at sun.reflect.DelegatingMethodAccessorImpl.invoke(Unknown Source)
at java.lang.reflect.Method.invoke(Unknown Source)
at org.openqa.selenium.support.events.EventFiringWebDriver.lambda$new$0(EventFiringWebDriver.java:84)
at com.sun.proxy.$Proxy18.onException(Unknown Source)
at org.openqa.selenium.support.events.EventFiringWebDriver.lambda$new$1(EventFiringWebDriver.java:107)
at com.sun.proxy.$Proxy19.getScreenshotAs(Unknown Source)
at org.openqa.selenium.support.events.EventFiringWebDriver.getScreenshotAs(EventFiringWebDriver.java:302)
at com.crm.qa.util.TestUtil.takeScreenshotAtEndOfTest(TestUtil.java:116)
at com.crm.qa.util.WebEventListener.onException(WebEventListener.java:68)
at sun.reflect.GeneratedMethodAccessor44.invoke(Unknown Source)
at sun.reflect.DelegatingMethodAccessorImpl.invoke(Unknown Source)
at java.lang.reflect.Method.invoke(Unknown Source)
at org.openqa.selenium.support.events.EventFiringWebDriver.lambda$new$0(EventFiringWebDriver.java:84)
at com.sun.proxy.$Proxy18.onException(Unknown Source)
at org.openqa.selenium.support.events.EventFiringWebDriver.lambda$new$1(EventFiringWebDriver.java:107)
at com.sun.proxy.$Proxy19.getScreenshotAs(Unknown Source)
at org.openqa.selenium.support.events.EventFiringWebDriver.getScreenshotAs(EventFiringWebDriver.java:302)
at com.crm.qa.util.TestUtil.takeScreenshotAtEndOfTest(TestUtil.java:116)
at com.crm.qa.util.WebEventListener.onException(WebEventListener.java:68)
at sun.reflect.GeneratedMethodAccessor44.invoke(Unknown Source)
at sun.reflect.DelegatingMethodAccessorImpl.invoke(Unknown Source)
at java.lang.reflect.Method.invoke(Unknown Source)
at org.openqa.selenium.support.events.EventFiringWebDriver.lambda$new$0(EventFiringWebDriver.java:84)
at com.sun.proxy.$Proxy18.onException(Unknown Source)
at org.openqa.selenium.support.events.EventFiringWebDriver.lambda$new$1(EventFiringWebDriver.java:107)
at com.sun.proxy.$Proxy19.getScreenshotAs(Unknown Source)
at org.openqa.selenium.support.events.EventFiringWebDriver.getScreenshotAs(EventFiringWebDriver.java:302)
at com.crm.qa.util.TestUtil.takeScreenshotAtEndOfTest(TestUtil.java:116)
at com.crm.qa.util.WebEventListener.onException(WebEventListener.java:68)
at sun.reflect.GeneratedMethodAccessor44.invoke(Unknown Source)
at sun.reflect.DelegatingMethodAccessorImpl.invoke(Unknown Source)
at java.lang.reflect.Method.invoke(Unknown Source)
at org.openqa.selenium.support.events.EventFiringWebDriver.lambda$new$0(EventFiringWebDriver.java:84)
at com.sun.proxy.$Proxy18.onException(Unknown Source)
at org.openqa.selenium.support.events.EventFiringWebDriver.lambda$new$1(EventFiringWebDriver.java:107)
at com.sun.proxy.$Proxy19.getScreenshotAs(Unknown Source)
at org.openqa.selenium.support.events.EventFiringWebDriver.getScreenshotAs(EventFiringWebDriver.java:302)
at com.crm.qa.util.TestUtil.takeScreenshotAtEndOfTest(TestUtil.java:116)
at com.crm.qa.util.WebEventListener.onException(WebEventListener.java:68)
at sun.reflect.GeneratedMethodAccessor44.invoke(Unknown Source)
at sun.reflect.DelegatingMethodAccessorImpl.invoke(Unknown Source)
at java.lang.reflect.Method.invoke(Unknown Source)
at org.openqa.selenium.support.events.EventFiringWebDriver.lambda$new$0(EventFiringWebDriver.java:84)
at com.sun.proxy.$Proxy18.onException(Unknown Source)
at org.openqa.selenium.support.events.EventFiringWebDriver.lambda$new$1(EventFiringWebDriver.java:107)
at com.sun.proxy.$Proxy19.getScreenshotAs(Unknown Source)
at org.openqa.selenium.support.events.EventFiringWebDriver.getScreenshotAs(EventFiringWebDriver.java:302)
at com.crm.qa.util.TestUtil.takeScreenshotAtEndOfTest(TestUtil.java:116)
at com.crm.qa.util.WebEventListener.onException(WebEventListener.java:68)
at sun.reflect.GeneratedMethodAccessor44.invoke(Unknown Source)
at sun.reflect.DelegatingMethodAccessorImpl.invoke(Unknown Source)
at java.lang.reflect.Method.invoke(Unknown Source)
at org.openqa.selenium.support.events.EventFiringWebDriver.lambda$new$0(EventFiringWebDriver.java:84)
at com.sun.proxy.$Proxy18.onException(Unknown Source)
at org.openqa.selenium.support.events.EventFiringWebDriver.lambda$new$1(EventFiringWebDriver.java:107)
at com.sun.proxy.$Proxy19.getScreenshotAs(Unknown Source)
at org.openqa.selenium.support.events.EventFiringWebDriver.getScreenshotAs(EventFiringWebDriver.java:302)
at com.crm.qa.util.TestUtil.takeScreenshotAtEndOfTest(TestUtil.java:116)
at com.crm.qa.util.WebEventListener.onException(WebEventListener.java:68)
at sun.reflect.GeneratedMethodAccessor44.invoke(Unknown Source)
at sun.reflect.DelegatingMethodAccessorImpl.invoke(Unknown Source)
at java.lang.reflect.Method.invoke(Unknown Source)
at org.openqa.selenium.support.events.EventFiringWebDriver.lambda$new$0(EventFiringWebDriver.java:84)
at com.sun.proxy.$Proxy18.onException(Unknown Source)
at org.openqa.selenium.support.events.EventFiringWebDriver.lambda$new$1(EventFiringWebDriver.java:107)
at com.sun.proxy.$Proxy19.getScreenshotAs(Unknown Source)
at org.openqa.selenium.support.events.EventFiringWebDriver.getScreenshotAs(EventFiringWebDriver.java:302)
at com.crm.qa.util.TestUtil.takeScreenshotAtEndOfTest(TestUtil.java:116)
at com.crm.qa.util.WebEventListener.onException(WebEventListener.java:68)
at sun.reflect.GeneratedMethodAccessor44.invoke(Unknown Source)
at sun.reflect.DelegatingMethodAccessorImpl.invoke(Unknown Source)
at java.lang.reflect.Method.invoke(Unknown Source)
at org.openqa.selenium.support.events.EventFiringWebDriver.lambda$new$0(EventFiringWebDriver.java:84)
at com.sun.proxy.$Proxy18.onException(Unknown Source)
at org.openqa.selenium.support.events.EventFiringWebDriver.lambda$new$1(EventFiringWebDriver.java:107)
at com.sun.proxy.$Proxy19.getScreenshotAs(Unknown Source)
at org.openqa.selenium.support.events.EventFiringWebDriver.getScreenshotAs(EventFiringWebDriver.java:302)
at com.crm.qa.util.TestUtil.takeScreenshotAtEndOfTest(TestUtil.java:116)
at com.crm.qa.util.WebEventListener.onException(WebEventListener.java:68)
at sun.reflect.GeneratedMethodAccessor44.invoke(Unknown Source)
at sun.reflect.DelegatingMethodAccessorImpl.invoke(Unknown Source)
at java.lang.reflect.Method.invoke(Unknown Source)
at org.openqa.selenium.support.events.EventFiringWebDriver.lambda$new$0(EventFiringWebDriver.java:84)
at com.sun.proxy.$Proxy18.onException(Unknown Source)
at org.openqa.selenium.support.events.EventFiringWebDriver.lambda$new$1(EventFiringWebDriver.java:107)
at com.sun.proxy.$Proxy19.getScreenshotAs(Unknown Source)
at org.openqa.selenium.support.events.EventFiringWebDriver.getScreenshotAs(EventFiringWebDriver.java:302)
at com.crm.qa.util.TestUtil.takeScreenshotAtEndOfTest(TestUtil.java:116)
at com.crm.qa.util.WebEventListener.onException(WebEventListener.java:68)
at sun.reflect.GeneratedMethodAccessor44.invoke(Unknown Source)
at sun.reflect.DelegatingMethodAccessorImpl.invoke(Unknown Source)
at java.lang.reflect.Method.invoke(Unknown Source)
at org.openqa.selenium.support.events.EventFiringWebDriver.lambda$new$0(EventFiringWebDriver.java:84)
at com.sun.proxy.$Proxy18.onException(Unknown Source)
at org.openqa.selenium.support.events.EventFiringWebDriver.lambda$new$1(EventFiringWebDriver.java:107)
at com.sun.proxy.$Proxy19.getScreenshotAs(Unknown Source)
at org.openqa.selenium.support.events.EventFiringWebDriver.getScreenshotAs(EventFiringWebDriver.java:302)
at com.crm.qa.util.TestUtil.takeScreenshotAtEndOfTest(TestUtil.java:116)
at com.crm.qa.util.WebEventListener.onException(WebEventListener.java:68)
at sun.reflect.GeneratedMethodAccessor44.invoke(Unknown Source)
at sun.reflect.DelegatingMethodAccessorImpl.invoke(Unknown Source)
at java.lang.reflect.Method.invoke(Unknown Source)
at org.openqa.selenium.support.events.EventFiringWebDriver.lambda$new$0(EventFiringWebDriver.java:84)
at com.sun.proxy.$Proxy18.onException(Unknown Source)
at org.openqa.selenium.support.events.EventFiringWebDriver.lambda$new$1(EventFiringWebDriver.java:107)
at com.sun.proxy.$Proxy19.getScreenshotAs(Unknown Source)
at org.openqa.selenium.support.events.EventFiringWebDriver.getScreenshotAs(EventFiringWebDriver.java:302)
at com.crm.qa.util.TestUtil.takeScreenshotAtEndOfTest(TestUtil.java:116)
at com.crm.qa.util.WebEventListener.onException(WebEventListener.java:68)
at sun.reflect.GeneratedMethodAccessor44.invoke(Unknown Source)
at sun.reflect.DelegatingMethodAccessorImpl.invoke(Unknown Source)
at java.lang.reflect.Method.invoke(Unknown Source)
at org.openqa.selenium.support.events.EventFiringWebDriver.lambda$new$0(EventFiringWebDriver.java:84)
at com.sun.proxy.$Proxy18.onException(Unknown Source)
at org.openqa.selenium.support.events.EventFiringWebDriver.lambda$new$1(EventFiringWebDriver.java:107)
at com.sun.proxy.$Proxy19.getScreenshotAs(Unknown Source)
at org.openqa.selenium.support.events.EventFiringWebDriver.getScreenshotAs(EventFiringWebDriver.java:302)
at com.crm.qa.util.TestUtil.takeScreenshotAtEndOfTest(TestUtil.java:116)
at com.crm.qa.util.WebEventListener.onException(WebEventListener.java:68)
at sun.reflect.GeneratedMethodAccessor44.invoke(Unknown Source)
at sun.reflect.DelegatingMethodAccessorImpl.invoke(Unknown Source)
at java.lang.reflect.Method.invoke(Unknown Source)
at org.openqa.selenium.support.events.EventFiringWebDriver.lambda$new$0(EventFiringWebDriver.java:84)
at com.sun.proxy.$Proxy18.onException(Unknown Source)
at org.openqa.selenium.support.events.EventFiringWebDriver.lambda$new$1(EventFiringWebDriver.java:107)
at com.sun.proxy.$Proxy19.getScreenshotAs(Unknown Source)
at org.openqa.selenium.support.events.EventFiringWebDriver.getScreenshotAs(EventFiringWebDriver.java:302)
at com.crm.qa.util.TestUtil.takeScreenshotAtEndOfTest(TestUtil.java:116)
at com.crm.qa.util.WebEventListener.onException(WebEventListener.java:68)
at sun.reflect.GeneratedMethodAccessor44.invoke(Unknown Source)
at sun.reflect.DelegatingMethodAccessorImpl.invoke(Unknown Source)
at java.lang.reflect.Method.invoke(Unknown Source)
at org.openqa.selenium.support.events.EventFiringWebDriver.lambda$new$0(EventFiringWebDriver.java:84)
at com.sun.proxy.$Proxy18.onException(Unknown Source)
at org.openqa.selenium.support.events.EventFiringWebDriver.lambda$new$1(EventFiringWebDriver.java:107)
at com.sun.proxy.$Proxy19.getScreenshotAs(Unknown Source)
at org.openqa.selenium.support.events.EventFiringWebDriver.getScreenshotAs(EventFiringWebDriver.java:302)
at com.crm.qa.util.TestUtil.takeScreenshotAtEndOfTest(TestUtil.java:116)
at com.crm.qa.util.WebEventListener.onException(WebEventListener.java:68)
at sun.reflect.GeneratedMethodAccessor44.invoke(Unknown Source)
at sun.reflect.DelegatingMethodAccessorImpl.invoke(Unknown Source)
at java.lang.reflect.Method.invoke(Unknown Source)
at org.openqa.selenium.support.events.EventFiringWebDriver.lambda$new$0(EventFiringWebDriver.java:84)
at com.sun.proxy.$Proxy18.onException(Unknown Source)
at org.openqa.selenium.support.events.EventFiringWebDriver.lambda$new$1(EventFiringWebDriver.java:107)
at com.sun.proxy.$Proxy19.getScreenshotAs(Unknown Source)
at org.openqa.selenium.support.events.EventFiringWebDriver.getScreenshotAs(EventFiringWebDriver.java:302)
at com.crm.qa.util.TestUtil.takeScreenshotAtEndOfTest(TestUtil.java:116)
at com.crm.qa.util.WebEventListener.onException(WebEventListener.java:68)
at sun.reflect.GeneratedMethodAccessor44.invoke(Unknown Source)
at sun.reflect.DelegatingMethodAccessorImpl.invoke(Unknown Source)
at java.lang.reflect.Method.invoke(Unknown Source)
at org.openqa.selenium.support.events.EventFiringWebDriver.lambda$new$0(EventFiringWebDriver.java:84)
at com.sun.proxy.$Proxy18.onException(Unknown Source)
at org.openqa.selenium.support.events.EventFiringWebDriver.lambda$new$1(EventFiringWebDriver.java:107)
at com.sun.proxy.$Proxy19.getScreenshotAs(Unknown Source)
at org.openqa.selenium.support.events.EventFiringWebDriver.getScreenshotAs(EventFiringWebDriver.java:302)
at com.crm.qa.util.TestUtil.takeScreenshotAtEndOfTest(TestUtil.java:116)
at com.crm.qa.util.WebEventListener.onException(WebEventListener.java:68)
at sun.reflect.GeneratedMethodAccessor44.invoke(Unknown Source)
at sun.reflect.DelegatingMethodAccessorImpl.invoke(Unknown Source)
at java.lang.reflect.Method.invoke(Unknown Source)
at org.openqa.selenium.support.events.EventFiringWebDriver.lambda$new$0(EventFiringWebDriver.java:84)
at com.sun.proxy.$Proxy18.onException(Unknown Source)
at org.openqa.selenium.support.events.EventFiringWebDriver.lambda$new$1(EventFiringWebDriver.java:107)
at com.sun.proxy.$Proxy19.getScreenshotAs(Unknown Source)
at org.openqa.selenium.support.events.EventFiringWebDriver.getScreenshotAs(EventFiringWebDriver.java:302)
at com.crm.qa.util.TestUtil.takeScreenshotAtEndOfTest(TestUtil.java:116)
at com.crm.qa.util.WebEventListener.onException(WebEventListener.java:68)
at sun.reflect.GeneratedMethodAccessor44.invoke(Unknown Source)
at sun.reflect.DelegatingMethodAccessorImpl.invoke(Unknown Source)
at java.lang.reflect.Method.invoke(Unknown Source)
at org.openqa.selenium.support.events.EventFiringWebDriver.lambda$new$0(EventFiringWebDriver.java:84)
at com.sun.proxy.$Proxy18.onException(Unknown Source)
at org.openqa.selenium.support.events.EventFiringWebDriver.lambda$new$1(EventFiringWebDriver.java:107)
at com.sun.proxy.$Proxy19.getScreenshotAs(Unknown Source)
at org.openqa.selenium.support.events.EventFiringWebDriver.getScreenshotAs(EventFiringWebDriver.java:302)
at com.crm.qa.util.TestUtil.takeScreenshotAtEndOfTest(TestUtil.java:116)
at com.crm.qa.util.WebEventListener.onException(WebEventListener.java:68)
at sun.reflect.GeneratedMethodAccessor44.invoke(Unknown Source)
at sun.reflect.DelegatingMethodAccessorImpl.invoke(Unknown Source)
at java.lang.reflect.Method.invoke(Unknown Source)
at org.openqa.selenium.support.events.EventFiringWebDriver.lambda$new$0(EventFiringWebDriver.java:84)
at com.sun.proxy.$Proxy18.onException(Unknown Source)
at org.openqa.selenium.support.events.EventFiringWebDriver.lambda$new$1(EventFiringWebDriver.java:107)
at com.sun.proxy.$Proxy19.getScreenshotAs(Unknown Source)
at org.openqa.selenium.support.events.EventFiringWebDriver.getScreenshotAs(EventFiringWebDriver.java:302)
at com.crm.qa.util.TestUtil.takeScreenshotAtEndOfTest(TestUtil.java:116)
at com.crm.qa.util.WebEventListener.onException(WebEventListener.java:68)
at sun.reflect.GeneratedMethodAccessor44.invoke(Unknown Source)
at sun.reflect.DelegatingMethodAccessorImpl.invoke(Unknown Source)
at java.lang.reflect.Method.invoke(Unknown Source)
at org.openqa.selenium.support.events.EventFiringWebDriver.lambda$new$0(EventFiringWebDriver.java:84)
at com.sun.proxy.$Proxy18.onException(Unknown Source)
at org.openqa.selenium.support.events.EventFiringWebDriver.lambda$new$1(EventFiringWebDriver.java:107)
at com.sun.proxy.$Proxy19.getScreenshotAs(Unknown Source)
at org.openqa.selenium.support.events.EventFiringWebDriver.getScreenshotAs(EventFiringWebDriver.java:302)
at com.crm.qa.util.TestUtil.takeScreenshotAtEndOfTest(TestUtil.java:116)
at com.crm.qa.util.WebEventListener.onException(WebEventListener.java:68)
at sun.reflect.GeneratedMethodAccessor44.invoke(Unknown Source)
at sun.reflect.DelegatingMethodAccessorImpl.invoke(Unknown Source)
at java.lang.reflect.Method.invoke(Unknown Source)
at org.openqa.selenium.support.events.EventFiringWebDriver.lambda$new$0(EventFiringWebDriver.java:84)
at com.sun.proxy.$Proxy18.onException(Unknown Source)
at org.openqa.selenium.support.events.EventFiringWebDriver.lambda$new$1(EventFiringWebDriver.java:107)
at com.sun.proxy.$Proxy19.getScreenshotAs(Unknown Source)
at org.openqa.selenium.support.events.EventFiringWebDriver.getScreenshotAs(EventFiringWebDriver.java:302)
at com.crm.qa.util.TestUtil.takeScreenshotAtEndOfTest(TestUtil.java:116)
at com.crm.qa.util.WebEventListener.onException(WebEventListener.java:68)
at sun.reflect.GeneratedMethodAccessor44.invoke(Unknown Source)
at sun.reflect.DelegatingMethodAccessorImpl.invoke(Unknown Source)
at java.lang.reflect.Method.invoke(Unknown Source)
at org.openqa.selenium.support.events.EventFiringWebDriver.lambda$new$0(EventFiringWebDriver.java:84)
at com.sun.proxy.$Proxy18.onException(Unknown Source)
at org.openqa.selenium.support.events.EventFiringWebDriver.lambda$new$1(EventFiringWebDriver.java:107)
at com.sun.proxy.$Proxy19.getScreenshotAs(Unknown Source)
at org.openqa.selenium.support.events.EventFiringWebDriver.getScreenshotAs(EventFiringWebDriver.java:302)
at com.crm.qa.util.TestUtil.takeScreenshotAtEndOfTest(TestUtil.java:116)
at com.crm.qa.util.WebEventListener.onException(WebEventListener.java:68)
at sun.reflect.GeneratedMethodAccessor44.invoke(Unknown Source)
at sun.reflect.DelegatingMethodAccessorImpl.invoke(Unknown Source)
at java.lang.reflect.Method.invoke(Unknown Source)
at org.openqa.selenium.support.events.EventFiringWebDriver.lambda$new$0(EventFiringWebDriver.java:84)
at com.sun.proxy.$Proxy18.onException(Unknown Source)
at org.openqa.selenium.support.events.EventFiringWebDriver.lambda$new$1(EventFiringWebDriver.java:107)
at com.sun.proxy.$Proxy19.getScreenshotAs(Unknown Source)
at org.openqa.selenium.support.events.EventFiringWebDriver.getScreenshotAs(EventFiringWebDriver.java:302)
at com.crm.qa.util.TestUtil.takeScreenshotAtEndOfTest(TestUtil.java:116)
at com.crm.qa.util.WebEventListener.onException(WebEventListener.java:68)
at sun.reflect.GeneratedMethodAccessor44.invoke(Unknown Source)
at sun.reflect.DelegatingMethodAccessorImpl.invoke(Unknown Source)
at java.lang.reflect.Method.invoke(Unknown Source)
at org.openqa.selenium.support.events.EventFiringWebDriver.lambda$new$0(EventFiringWebDriver.java:84)
at com.sun.proxy.$Proxy18.onException(Unknown Source)
at org.openqa.selenium.support.events.EventFiringWebDriver.lambda$new$1(EventFiringWebDriver.java:107)
at com.sun.proxy.$Proxy19.getScreenshotAs(Unknown Source)
at org.openqa.selenium.support.events.EventFiringWebDriver.getScreenshotAs(EventFiringWebDriver.java:302)
at com.crm.qa.util.TestUtil.takeScreenshotAtEndOfTest(TestUtil.java:116)
at com.crm.qa.util.WebEventListener.onException(WebEventListener.java:68)
at sun.reflect.GeneratedMethodAccessor44.invoke(Unknown Source)
at sun.reflect.DelegatingMethodAccessorImpl.invoke(Unknown Source)
at java.lang.reflect.Method.invoke(Unknown Source)
at org.openqa.selenium.support.events.EventFiringWebDriver.lambda$new$0(EventFiringWebDriver.java:84)
at com.sun.proxy.$Proxy18.onException(Unknown Source)
at org.openqa.selenium.support.events.EventFiringWebDriver.lambda$new$1(EventFiringWebDriver.java:107)
at com.sun.proxy.$Proxy19.getScreenshotAs(Unknown Source)
at org.openqa.selenium.support.events.EventFiringWebDriver.getScreenshotAs(EventFiringWebDriver.java:302)
at com.crm.qa.util.TestUtil.takeScreenshotAtEndOfTest(TestUtil.java:116)
at com.crm.qa.util.WebEventListener.onException(WebEventListener.java:68)
at sun.reflect.GeneratedMethodAccessor44.invoke(Unknown Source)
at sun.reflect.DelegatingMethodAccessorImpl.invoke(Unknown Source)
at java.lang.reflect.Method.invoke(Unknown Source)
at org.openqa.selenium.support.events.EventFiringWebDriver.lambda$new$0(EventFiringWebDriver.java:84)
at com.sun.proxy.$Proxy18.onException(Unknown Source)
at org.openqa.selenium.support.events.EventFiringWebDriver.lambda$new$1(EventFiringWebDriver.java:107)
at com.sun.proxy.$Proxy19.getScreenshotAs(Unknown Source)
at org.openqa.selenium.support.events.EventFiringWebDriver.getScreenshotAs(EventFiringWebDriver.java:302)
at com.crm.qa.util.TestUtil.takeScreenshotAtEndOfTest(TestUtil.java:116)
at com.crm.qa.util.WebEventListener.onException(WebEventListener.java:68)
at sun.reflect.GeneratedMethodAccessor44.invoke(Unknown Source)
at sun.reflect.DelegatingMethodAccessorImpl.invoke(Unknown Source)
at java.lang.reflect.Method.invoke(Unknown Source)
at org.openqa.selenium.support.events.EventFiringWebDriver.lambda$new$0(EventFiringWebDriver.java:84)
at com.sun.proxy.$Proxy18.onException(Unknown Source)
at org.openqa.selenium.support.events.EventFiringWebDriver.lambda$new$1(EventFiringWebDriver.java:107)
at com.sun.proxy.$Proxy19.getScreenshotAs(Unknown Source)
at org.openqa.selenium.support.events.EventFiringWebDriver.getScreenshotAs(EventFiringWebDriver.java:302)
at com.crm.qa.util.TestUtil.takeScreenshotAtEndOfTest(TestUtil.java:116)
at com.crm.qa.util.WebEventListener.onException(WebEventListener.java:68)
at sun.reflect.GeneratedMethodAccessor44.invoke(Unknown Source)
at sun.reflect.DelegatingMethodAccessorImpl.invoke(Unknown Source)
at java.lang.reflect.Method.invoke(Unknown Source)
at org.openqa.selenium.support.events.EventFiringWebDriver.lambda$new$0(EventFiringWebDriver.java:84)
at com.sun.proxy.$Proxy18.onException(Unknown Source)
at org.openqa.selenium.support.events.EventFiringWebDriver.lambda$new$1(EventFiringWebDriver.java:107)
at com.sun.proxy.$Proxy19.getScreenshotAs(Unknown Source)
at org.openqa.selenium.support.events.EventFiringWebDriver.getScreenshotAs(EventFiringWebDriver.java:302)
at com.crm.qa.util.TestUtil.takeScreenshotAtEndOfTest(TestUtil.java:116)
at com.crm.qa.util.WebEventListener.onException(WebEventListener.java:68)
at sun.reflect.GeneratedMethodAccessor44.invoke(Unknown Source)
at sun.reflect.DelegatingMethodAccessorImpl.invoke(Unknown Source)
at java.lang.reflect.Method.invoke(Unknown Source)
at org.openqa.selenium.support.events.EventFiringWebDriver.lambda$new$0(EventFiringWebDriver.java:84)
at com.sun.proxy.$Proxy18.onException(Unknown Source)
at org.openqa.selenium.support.events.EventFiringWebDriver.lambda$new$1(EventFiringWebDriver.java:107)
at com.sun.proxy.$Proxy19.getScreenshotAs(Unknown Source)
at org.openqa.selenium.support.events.EventFiringWebDriver.getScreenshotAs(EventFiringWebDriver.java:302)
at com.crm.qa.util.TestUtil.takeScreenshotAtEndOfTest(TestUtil.java:116)
at com.crm.qa.util.WebEventListener.onException(WebEventListener.java:68)
at sun.reflect.GeneratedMethodAccessor44.invoke(Unknown Source)
at sun.reflect.DelegatingMethodAccessorImpl.invoke(Unknown Source)
at java.lang.reflect.Method.invoke(Unknown Source)
at org.openqa.selenium.support.events.EventFiringWebDriver.lambda$new$0(EventFiringWebDriver.java:84)
at com.sun.proxy.$Proxy18.onException(Unknown Source)
at org.openqa.selenium.support.events.EventFiringWebDriver.lambda$new$1(EventFiringWebDriver.java:107)
at com.sun.proxy.$Proxy19.getScreenshotAs(Unknown Source)
at org.openqa.selenium.support.events.EventFiringWebDriver.getScreenshotAs(EventFiringWebDriver.java:302)
at com.crm.qa.util.TestUtil.takeScreenshotAtEndOfTest(TestUtil.java:116)
at com.crm.qa.util.WebEventListener.onException(WebEventListener.java:68)
at sun.reflect.GeneratedMethodAccessor44.invoke(Unknown Source)
at sun.reflect.DelegatingMethodAccessorImpl.invoke(Unknown Source)
at java.lang.reflect.Method.invoke(Unknown Source)
at org.openqa.selenium.support.events.EventFiringWebDriver.lambda$new$0(EventFiringWebDriver.java:84)
at com.sun.proxy.$Proxy18.onException(Unknown Source)
at org.openqa.selenium.support.events.EventFiringWebDriver.lambda$new$1(EventFiringWebDriver.java:107)
at com.sun.proxy.$Proxy19.getScreenshotAs(Unknown Source)
at org.openqa.selenium.support.events.EventFiringWebDriver.getScreenshotAs(EventFiringWebDriver.java:302)
at com.crm.qa.util.TestUtil.takeScreenshotAtEndOfTest(TestUtil.java:116)
at com.crm.qa.util.WebEventListener.onException(WebEventListener.java:68)
at sun.reflect.GeneratedMethodAccessor44.invoke(Unknown Source)
at sun.reflect.DelegatingMethodAccessorImpl.invoke(Unknown Source)
at java.lang.reflect.Method.invoke(Unknown Source)
at org.openqa.selenium.support.events.EventFiringWebDriver.lambda$new$0(EventFiringWebDriver.java:84)
at com.sun.proxy.$Proxy18.onException(Unknown Source)
at org.openqa.selenium.support.events.EventFiringWebDriver.lambda$new$1(EventFiringWebDriver.java:107)
at com.sun.proxy.$Proxy19.getScreenshotAs(Unknown Source)
at org.openqa.selenium.support.events.EventFiringWebDriver.getScreenshotAs(EventFiringWebDriver.java:302)
at com.crm.qa.util.TestUtil.takeScreenshotAtEndOfTest(TestUtil.java:116)
at com.crm.qa.util.WebEventListener.onException(WebEventListener.java:68)
at sun.reflect.GeneratedMethodAccessor44.invoke(Unknown Source)
at sun.reflect.DelegatingMethodAccessorImpl.invoke(Unknown Source)
at java.lang.reflect.Method.invoke(Unknown Source)
at org.openqa.selenium.support.events.EventFiringWebDriver.lambda$new$0(EventFiringWebDriver.java:84)
at com.sun.proxy.$Proxy18.onException(Unknown Source)
at org.openqa.selenium.support.events.EventFiringWebDriver.lambda$new$1(EventFiringWebDriver.java:107)
at com.sun.proxy.$Proxy19.getScreenshotAs(Unknown Source)
at org.openqa.selenium.support.events.EventFiringWebDriver.getScreenshotAs(EventFiringWebDriver.java:302)
at com.crm.qa.util.TestUtil.takeScreenshotAtEndOfTest(TestUtil.java:116)
at com.crm.qa.util.WebEventListener.onException(WebEventListener.java:68)
at sun.reflect.GeneratedMethodAccessor44.invoke(Unknown Source)
at sun.reflect.DelegatingMethodAccessorImpl.invoke(Unknown Source)
at java.lang.reflect.Method.invoke(Unknown Source)
at org.openqa.selenium.support.events.EventFiringWebDriver.lambda$new$0(EventFiringWebDriver.java:84)
at com.sun.proxy.$Proxy18.onException(Unknown Source)
at org.openqa.selenium.support.events.EventFiringWebDriver.lambda$new$1(EventFiringWebDriver.java:107)
at com.sun.proxy.$Proxy19.getScreenshotAs(Unknown Source)
at org.openqa.selenium.support.events.EventFiringWebDriver.getScreenshotAs(EventFiringWebDriver.java:302)
at com.crm.qa.util.TestUtil.takeScreenshotAtEndOfTest(TestUtil.java:116)
at com.crm.qa.util.WebEventListener.onException(WebEventListener.java:68)
at sun.reflect.GeneratedMethodAccessor44.invoke(Unknown Source)
at sun.reflect.DelegatingMethodAccessorImpl.invoke(Unknown Source)
at java.lang.reflect.Method.invoke(Unknown Source)
at org.openqa.selenium.support.events.EventFiringWebDriver.lambda$new$0(EventFiringWebDriver.java:84)
at com.sun.proxy.$Proxy18.onException(Unknown Source)
at org.openqa.selenium.support.events.EventFiringWebDriver.lambda$new$1(EventFiringWebDriver.java:107)
at com.sun.proxy.$Proxy19.getScreenshotAs(Unknown Source)
at org.openqa.selenium.support.events.EventFiringWebDriver.getScreenshotAs(EventFiringWebDriver.java:302)
at com.crm.qa.util.TestUtil.takeScreenshotAtEndOfTest(TestUtil.java:116)
at com.crm.qa.util.WebEventListener.onException(WebEventListener.java:68)
at sun.reflect.GeneratedMethodAccessor44.invoke(Unknown Source)
at sun.reflect.DelegatingMethodAccessorImpl.invoke(Unknown Source)
at java.lang.reflect.Method.invoke(Unknown Source)
at org.openqa.selenium.support.events.EventFiringWebDriver.lambda$new$0(EventFiringWebDriver.java:84)
at com.sun.proxy.$Proxy18.onException(Unknown Source)
at org.openqa.selenium.support.events.EventFiringWebDriver.lambda$new$1(EventFiringWebDriver.java:107)
at com.sun.proxy.$Proxy19.getScreenshotAs(Unknown Source)
at org.openqa.selenium.support.events.EventFiringWebDriver.getScreenshotAs(EventFiringWebDriver.java:302)
at com.crm.qa.util.TestUtil.takeScreenshotAtEndOfTest(TestUtil.java:116)
at com.crm.qa.util.WebEventListener.onException(WebEventListener.java:68)
at sun.reflect.GeneratedMethodAccessor44.invoke(Unknown Source)
at sun.reflect.DelegatingMethodAccessorImpl.invoke(Unknown Source)
at java.lang.reflect.Method.invoke(Unknown Source)
at org.openqa.selenium.support.events.EventFiringWebDriver.lambda$new$0(EventFiringWebDriver.java:84)
at com.sun.proxy.$Proxy18.onException(Unknown Source)
at org.openqa.selenium.support.events.EventFiringWebDriver.lambda$new$1(EventFiringWebDriver.java:107)
at com.sun.proxy.$Proxy19.getScreenshotAs(Unknown Source)
at org.openqa.selenium.support.events.EventFiringWebDriver.getScreenshotAs(EventFiringWebDriver.java:302)
at com.crm.qa.util.TestUtil.takeScreenshotAtEndOfTest(TestUtil.java:116)
at com.crm.qa.util.WebEventListener.onException(WebEventListener.java:68)
at sun.reflect.GeneratedMethodAccessor44.invoke(Unknown Source)
at sun.reflect.DelegatingMethodAccessorImpl.invoke(Unknown Source)
at java.lang.reflect.Method.invoke(Unknown Source)
at org.openqa.selenium.support.events.EventFiringWebDriver.lambda$new$0(EventFiringWebDriver.java:84)
at com.sun.proxy.$Proxy18.onException(Unknown Source)
at org.openqa.selenium.support.events.EventFiringWebDriver.lambda$new$1(EventFiringWebDriver.java:107)
at com.sun.proxy.$Proxy19.getScreenshotAs(Unknown Source)
at org.openqa.selenium.support.events.EventFiringWebDriver.getScreenshotAs(EventFiringWebDriver.java:302)
at com.crm.qa.util.TestUtil.takeScreenshotAtEndOfTest(TestUtil.java:116)
at com.crm.qa.util.WebEventListener.onException(WebEventListener.java:68)
at sun.reflect.GeneratedMethodAccessor44.invoke(Unknown Source)
at sun.reflect.DelegatingMethodAccessorImpl.invoke(Unknown Source)
at java.lang.reflect.Method.invoke(Unknown Source)
at org.openqa.selenium.support.events.EventFiringWebDriver.lambda$new$0(EventFiringWebDriver.java:84)
at com.sun.proxy.$Proxy18.onException(Unknown Source)
at org.openqa.selenium.support.events.EventFiringWebDriver.lambda$new$1(EventFiringWebDriver.java:107)
at com.sun.proxy.$Proxy19.getScreenshotAs(Unknown Source)
at org.openqa.selenium.support.events.EventFiringWebDriver.getScreenshotAs(EventFiringWebDriver.java:302)
at com.crm.qa.util.TestUtil.takeScreenshotAtEndOfTest(TestUtil.java:116)
at com.crm.qa.util.WebEventListener.onException(WebEventListener.java:68)
at sun.reflect.GeneratedMethodAccessor44.invoke(Unknown Source)
at sun.reflect.DelegatingMethodAccessorImpl.invoke(Unknown Source)
at java.lang.reflect.Method.invoke(Unknown Source)
at org.openqa.selenium.support.events.EventFiringWebDriver.lambda$new$0(EventFiringWebDriver.java:84)
at com.sun.proxy.$Proxy18.onException(Unknown Source)
at org.openqa.selenium.support.events.EventFiringWebDriver.lambda$new$1(EventFiringWebDriver.java:107)
at com.sun.proxy.$Proxy19.getScreenshotAs(Unknown Source)
at org.openqa.selenium.support.events.EventFiringWebDriver.getScreenshotAs(EventFiringWebDriver.java:302)
at com.crm.qa.util.TestUtil.takeScreenshotAtEndOfTest(TestUtil.java:116)
at com.crm.qa.util.WebEventListener.onException(WebEventListener.java:68)
at sun.reflect.GeneratedMethodAccessor44.invoke(Unknown Source)
at sun.reflect.DelegatingMethodAccessorImpl.invoke(Unknown Source)
at java.lang.reflect.Method.invoke(Unknown Source)
at org.openqa.selenium.support.events.EventFiringWebDriver.lambda$new$0(EventFiringWebDriver.java:84)
at com.sun.proxy.$Proxy18.onException(Unknown Source)
at org.openqa.selenium.support.events.EventFiringWebDriver.lambda$new$1(EventFiringWebDriver.java:107)
at com.sun.proxy.$Proxy19.getScreenshotAs(Unknown Source)
at org.openqa.selenium.support.events.EventFiringWebDriver.getScreenshotAs(EventFiringWebDriver.java:302)
at com.crm.qa.util.TestUtil.takeScreenshotAtEndOfTest(TestUtil.java:116)
at com.crm.qa.util.WebEventListener.onException(WebEventListener.java:68)
at sun.reflect.GeneratedMethodAccessor44.invoke(Unknown Source)
at sun.reflect.DelegatingMethodAccessorImpl.invoke(Unknown Source)
at java.lang.reflect.Method.invoke(Unknown Source)
at org.openqa.selenium.support.events.EventFiringWebDriver.lambda$new$0(EventFiringWebDriver.java:84)
at com.sun.proxy.$Proxy18.onException(Unknown Source)
at org.openqa.selenium.support.events.EventFiringWebDriver.lambda$new$1(EventFiringWebDriver.java:107)
at com.sun.proxy.$Proxy19.getScreenshotAs(Unknown Source)
at org.openqa.selenium.support.events.EventFiringWebDriver.getScreenshotAs(EventFiringWebDriver.java:302)
at com.crm.qa.util.TestUtil.takeScreenshotAtEndOfTest(TestUtil.java:116)
at com.crm.qa.util.WebEventListener.onException(WebEventListener.java:68)
at sun.reflect.GeneratedMethodAccessor44.invoke(Unknown Source)
at sun.reflect.DelegatingMethodAccessorImpl.invoke(Unknown Source)
at java.lang.reflect.Method.invoke(Unknown Source)
at org.openqa.selenium.support.events.EventFiringWebDriver.lambda$new$0(EventFiringWebDriver.java:84)
at com.sun.proxy.$Proxy18.onException(Unknown Source)
]]>
    </failure>
  </testcase> <!-- loginPageTileTest -->
  <testcase name="classicCRMlnkTest" time="0.087" classname="com.crm.qa.testcases.LoginPageTest">
    <failure type="java.lang.NullPointerException">
      <![CDATA[java.lang.NullPointerException
at com.crm.qa.testcases.LoginPageTest.classicCRMlnkTest(LoginPageTest.java:138)
at sun.reflect.NativeMethodAccessorImpl.invoke0(Native Method)
at sun.reflect.NativeMethodAccessorImpl.invoke(Unknown Source)
at sun.reflect.DelegatingMethodAccessorImpl.invoke(Unknown Source)
at java.lang.reflect.Method.invoke(Unknown Source)
at org.testng.internal.MethodInvocationHelper.invokeMethod(MethodInvocationHelper.java:132)
at org.testng.internal.TestInvoker.invokeMethod(TestInvoker.java:599)
at org.testng.internal.TestInvoker.invokeTestMethod(TestInvoker.java:174)
at org.testng.internal.MethodRunner.runInSequence(MethodRunner.java:46)
at org.testng.internal.TestInvoker$MethodInvocationAgent.invoke(TestInvoker.java:822)
at org.testng.internal.TestInvoker.invokeTestMethods(TestInvoker.java:147)
at org.testng.internal.TestMethodWorker.invokeTestMethods(TestMethodWorker.java:146)
at org.testng.internal.TestMethodWorker.run(TestMethodWorker.java:128)
at java.util.ArrayList.forEach(Unknown Source)
at org.testng.TestRunner.privateRun(TestRunner.java:764)
at org.testng.TestRunner.run(TestRunner.java:585)
at org.testng.SuiteRunner.runTest(SuiteRunner.java:384)
at org.testng.SuiteRunner.runSequentially(SuiteRunner.java:378)
at org.testng.SuiteRunner.privateRun(SuiteRunner.java:337)
at org.testng.SuiteRunner.run(SuiteRunner.java:286)
at org.testng.SuiteRunnerWorker.runSuite(SuiteRunnerWorker.java:53)
at org.testng.SuiteRunnerWorker.run(SuiteRunnerWorker.java:96)
at org.testng.TestNG.runSuitesSequentially(TestNG.java:1218)
at org.testng.TestNG.runSuitesLocally(TestNG.java:1140)
at org.testng.TestNG.runSuites(TestNG.java:1069)
at org.testng.TestNG.run(TestNG.java:1037)
at org.testng.remote.AbstractRemoteTestNG.run(AbstractRemoteTestNG.java:115)
at org.testng.remote.RemoteTestNG.initAndRun(RemoteTestNG.java:251)
at org.testng.remote.RemoteTestNG.main(RemoteTestNG.java:77)
]]>
    </failure>
  </testcase> <!-- classicCRMlnkTest -->
  <testcase name="loginTest" time="0.571" classname="com.crm.qa.testcases.LoginPageTest">
    <failure type="java.lang.NullPointerException">
      <![CDATA[java.lang.NullPointerException
at com.crm.qa.testcases.LoginPageTest.loginTest(LoginPageTest.java:171)
at sun.reflect.NativeMethodAccessorImpl.invoke0(Native Method)
at sun.reflect.NativeMethodAccessorImpl.invoke(Unknown Source)
at sun.reflect.DelegatingMethodAccessorImpl.invoke(Unknown Source)
at java.lang.reflect.Method.invoke(Unknown Source)
at org.testng.internal.MethodInvocationHelper.invokeMethod(MethodInvocationHelper.java:132)
at org.testng.internal.TestInvoker.invokeMethod(TestInvoker.java:599)
at org.testng.internal.TestInvoker.invokeTestMethod(TestInvoker.java:174)
at org.testng.internal.MethodRunner.runInSequence(MethodRunner.java:46)
at org.testng.internal.TestInvoker$MethodInvocationAgent.invoke(TestInvoker.java:822)
at org.testng.internal.TestInvoker.invokeTestMethods(TestInvoker.java:147)
at org.testng.internal.TestMethodWorker.invokeTestMethods(TestMethodWorker.java:146)
at org.testng.internal.TestMethodWorker.run(TestMethodWorker.java:128)
at java.util.ArrayList.forEach(Unknown Source)
at org.testng.TestRunner.privateRun(TestRunner.java:764)
at org.testng.TestRunner.run(TestRunner.java:585)
at org.testng.SuiteRunner.runTest(SuiteRunner.java:384)
at org.testng.SuiteRunner.runSequentially(SuiteRunner.java:378)
at org.testng.SuiteRunner.privateRun(SuiteRunner.java:337)
at org.testng.SuiteRunner.run(SuiteRunner.java:286)
at org.testng.SuiteRunnerWorker.runSuite(SuiteRunnerWorker.java:53)
at org.testng.SuiteRunnerWorker.run(SuiteRunnerWorker.java:96)
at org.testng.TestNG.runSuitesSequentially(TestNG.java:1218)
at org.testng.TestNG.runSuitesLocally(TestNG.java:1140)
at org.testng.TestNG.runSuites(TestNG.java:1069)
at org.testng.TestNG.run(TestNG.java:1037)
at org.testng.remote.AbstractRemoteTestNG.run(AbstractRemoteTestNG.java:115)
at org.testng.remote.RemoteTestNG.initAndRun(RemoteTestNG.java:251)
at org.testng.remote.RemoteTestNG.main(RemoteTestNG.java:77)
]]>
    </failure>
  </testcase> <!-- loginTest -->
</testsuite> <!-- Default test -->
